C:\KINGDOM HEARTS MP\BUILD\KINGDOMHEARTSMP\DEBUG\KINGDOMHEARTSMP.EXE
C:\Kingdom Hearts MP\build\KingdomHeartsMP\Debug\KingdomHeartsMP.exp
C:\KINGDOM HEARTS MP\BUILD\KINGDOMHEARTSMP\DEBUG\KINGDOMHEARTSMP.ILK
C:\Kingdom Hearts MP\build\KingdomHeartsMP\Debug\KingdomHeartsMP.lib
C:\KINGDOM HEARTS MP\BUILD\KINGDOMHEARTSMP\DEBUG\KINGDOMHEARTSMP.PDB
C:\KINGDOM HEARTS MP\BUILD\KINGDOMHEARTSMP\KINGDOMHEARTSMP\DEBUG\AABB.OBJ
C:\KINGDOM HEARTS MP\BUILD\KINGDOMHEARTSMP\KINGDOMHEARTSMP\DEBUG\ABILITY.OBJ
C:\KINGDOM HEARTS MP\BUILD\KINGDOMHEARTSMP\KINGDOMHEARTSMP\DEBUG\ABILITYMANAGER.OBJ
C:\KINGDOM HEARTS MP\BUILD\KINGDOMHEARTSMP\KINGDOMHEARTSMP\DEBUG\ACTION.OBJ
C:\KINGDOM HEARTS MP\BUILD\KINGDOMHEARTSMP\KINGDOMHEARTSMP\DEBUG\ACTIONHISTORY.OBJ
C:\KINGDOM HEARTS MP\BUILD\KINGDOMHEARTSMP\KINGDOMHEARTSMP\DEBUG\ACTIONLIBRARY.OBJ
C:\KINGDOM HEARTS MP\BUILD\KINGDOMHEARTSMP\KINGDOMHEARTSMP\DEBUG\ACTIONUSERTARGET.OBJ
C:\KINGDOM HEARTS MP\BUILD\KINGDOMHEARTSMP\KINGDOMHEARTSMP\DEBUG\ANIMATEDLAYER.OBJ
C:\KINGDOM HEARTS MP\BUILD\KINGDOMHEARTSMP\KINGDOMHEARTSMP\DEBUG\ANIMATEDSPRITE.OBJ
C:\KINGDOM HEARTS MP\BUILD\KINGDOMHEARTSMP\KINGDOMHEARTSMP\DEBUG\ANIMATEDSPRITEINTERFACE.OBJ
C:\KINGDOM HEARTS MP\BUILD\KINGDOMHEARTSMP\KINGDOMHEARTSMP\DEBUG\ANIMATEDTILESET.OBJ
C:\KINGDOM HEARTS MP\BUILD\KINGDOMHEARTSMP\KINGDOMHEARTSMP\DEBUG\ANIMATORCOLLECTION.OBJ
C:\KINGDOM HEARTS MP\BUILD\KINGDOMHEARTSMP\KINGDOMHEARTSMP\DEBUG\APPCONFIGURATION.OBJ
C:\KINGDOM HEARTS MP\BUILD\KINGDOMHEARTSMP\KINGDOMHEARTSMP\DEBUG\ARMORCOMPONENT.OBJ
C:\KINGDOM HEARTS MP\BUILD\KINGDOMHEARTSMP\KINGDOMHEARTSMP\DEBUG\ATBTURNGENERATOR.OBJ
C:\KINGDOM HEARTS MP\BUILD\KINGDOMHEARTSMP\KINGDOMHEARTSMP\DEBUG\ATTACK.OBJ
C:\KINGDOM HEARTS MP\BUILD\KINGDOMHEARTSMP\KINGDOMHEARTSMP\DEBUG\BASE64.OBJ
C:\KINGDOM HEARTS MP\BUILD\KINGDOMHEARTSMP\KINGDOMHEARTSMP\DEBUG\BASECHARACTER.OBJ
C:\KINGDOM HEARTS MP\BUILD\KINGDOMHEARTSMP\KINGDOMHEARTSMP\DEBUG\BASEFILEINTERFACE.OBJ
C:\KINGDOM HEARTS MP\BUILD\KINGDOMHEARTSMP\KINGDOMHEARTSMP\DEBUG\BASEMECHANICS.OBJ
C:\KINGDOM HEARTS MP\BUILD\KINGDOMHEARTSMP\KINGDOMHEARTSMP\DEBUG\BASETRANSFORM.OBJ
C:\KINGDOM HEARTS MP\BUILD\KINGDOMHEARTSMP\KINGDOMHEARTSMP\DEBUG\BASICRMLSCREEN.OBJ
C:\KINGDOM HEARTS MP\BUILD\KINGDOMHEARTSMP\KINGDOMHEARTSMP\DEBUG\BATTLECHARACTERVISUALIZER.OBJ
C:\KINGDOM HEARTS MP\BUILD\KINGDOMHEARTSMP\KINGDOMHEARTSMP\DEBUG\BATTLEFIELD.OBJ
C:\KINGDOM HEARTS MP\BUILD\KINGDOMHEARTSMP\KINGDOMHEARTSMP\DEBUG\BATTLEPARTYVISUALIZER.OBJ
C:\KINGDOM HEARTS MP\BUILD\KINGDOMHEARTSMP\KINGDOMHEARTSMP\DEBUG\BATTLEQUEUEVISUALIZER.OBJ
C:\KINGDOM HEARTS MP\BUILD\KINGDOMHEARTSMP\KINGDOMHEARTSMP\DEBUG\BATTLERAI.OBJ
C:\KINGDOM HEARTS MP\BUILD\KINGDOMHEARTSMP\KINGDOMHEARTSMP\DEBUG\BATTLESCREEN.OBJ
C:\KINGDOM HEARTS MP\BUILD\KINGDOMHEARTSMP\KINGDOMHEARTSMP\DEBUG\BATTLETARGETTINGVISUALIZER.OBJ
C:\KINGDOM HEARTS MP\BUILD\KINGDOMHEARTSMP\KINGDOMHEARTSMP\DEBUG\CAMERA.OBJ
C:\KINGDOM HEARTS MP\BUILD\KINGDOMHEARTSMP\KINGDOMHEARTSMP\DEBUG\CARD.OBJ
C:\KINGDOM HEARTS MP\BUILD\KINGDOMHEARTSMP\KINGDOMHEARTSMP\DEBUG\CHARACTERBATTLESTATUSVISUALIZER.OBJ
C:\KINGDOM HEARTS MP\BUILD\KINGDOMHEARTSMP\KINGDOMHEARTSMP\DEBUG\CHARACTERCOMMANDVISUALIZER.OBJ
C:\KINGDOM HEARTS MP\BUILD\KINGDOMHEARTSMP\KINGDOMHEARTSMP\DEBUG\CHARACTEREQUIPMENTCOMPONENT.OBJ
C:\KINGDOM HEARTS MP\BUILD\KINGDOMHEARTSMP\KINGDOMHEARTSMP\DEBUG\CHARACTEROVERVIEWVISUALIZER.OBJ
C:\KINGDOM HEARTS MP\BUILD\KINGDOMHEARTSMP\KINGDOMHEARTSMP\DEBUG\CHARACTERPARTYOVERVIEW.OBJ
C:\KINGDOM HEARTS MP\BUILD\KINGDOMHEARTSMP\KINGDOMHEARTSMP\DEBUG\CHARACTERSPAWNER.OBJ
C:\Kingdom Hearts MP\build\KingdomHeartsMP\KingdomHeartsMP\Debug\cl.command.1.tlog
C:\Kingdom Hearts MP\build\KingdomHeartsMP\KingdomHeartsMP\Debug\CL.read.1.tlog
C:\Kingdom Hearts MP\build\KingdomHeartsMP\KingdomHeartsMP\Debug\CL.write.1.tlog
C:\KINGDOM HEARTS MP\BUILD\KINGDOMHEARTSMP\KINGDOMHEARTSMP\DEBUG\COLOR3F.OBJ
C:\KINGDOM HEARTS MP\BUILD\KINGDOMHEARTSMP\KINGDOMHEARTSMP\DEBUG\COMPONENT.OBJ
C:\KINGDOM HEARTS MP\BUILD\KINGDOMHEARTSMP\KINGDOMHEARTSMP\DEBUG\COMPRESSIONUTILS.OBJ
C:\KINGDOM HEARTS MP\BUILD\KINGDOMHEARTSMP\KINGDOMHEARTSMP\DEBUG\CONTENTMANAGER.OBJ
C:\KINGDOM HEARTS MP\BUILD\KINGDOMHEARTSMP\KINGDOMHEARTSMP\DEBUG\CONVEXHULL.OBJ
C:\KINGDOM HEARTS MP\BUILD\KINGDOMHEARTSMP\KINGDOMHEARTSMP\DEBUG\DECK.OBJ
C:\KINGDOM HEARTS MP\BUILD\KINGDOMHEARTSMP\KINGDOMHEARTSMP\DEBUG\ELEMENTEFFECTIVENESSCOMPONENT.OBJ
C:\KINGDOM HEARTS MP\BUILD\KINGDOMHEARTSMP\KINGDOMHEARTSMP\DEBUG\ELEMENTS.OBJ
C:\KINGDOM HEARTS MP\BUILD\KINGDOMHEARTSMP\KINGDOMHEARTSMP\DEBUG\ELEMENTTRANSFORMER.OBJ
C:\KINGDOM HEARTS MP\BUILD\KINGDOMHEARTSMP\KINGDOMHEARTSMP\DEBUG\ELEMENTTRANSFORMWRAP.OBJ
C:\KINGDOM HEARTS MP\BUILD\KINGDOMHEARTSMP\KINGDOMHEARTSMP\DEBUG\EMISSIVELIGHT.OBJ
C:\KINGDOM HEARTS MP\BUILD\KINGDOMHEARTSMP\KINGDOMHEARTSMP\DEBUG\ENGINE.OBJ
C:\KINGDOM HEARTS MP\BUILD\KINGDOMHEARTSMP\KINGDOMHEARTSMP\DEBUG\ENTITY.OBJ
C:\KINGDOM HEARTS MP\BUILD\KINGDOMHEARTSMP\KINGDOMHEARTSMP\DEBUG\EQUIPMENTCOMPONENT.OBJ
C:\KINGDOM HEARTS MP\BUILD\KINGDOMHEARTSMP\KINGDOMHEARTSMP\DEBUG\EQUIPMENTMANAGER.OBJ
C:\KINGDOM HEARTS MP\BUILD\KINGDOMHEARTSMP\KINGDOMHEARTSMP\DEBUG\EXAMPLE.OBJ
C:\KINGDOM HEARTS MP\BUILD\KINGDOMHEARTSMP\KINGDOMHEARTSMP\DEBUG\EXIT.OBJ
C:\KINGDOM HEARTS MP\BUILD\KINGDOMHEARTSMP\KINGDOMHEARTSMP\DEBUG\FONTCACHE.OBJ
C:\KINGDOM HEARTS MP\BUILD\KINGDOMHEARTSMP\KINGDOMHEARTSMP\DEBUG\FRAMEANIMATION.OBJ
C:\KINGDOM HEARTS MP\BUILD\KINGDOMHEARTSMP\KINGDOMHEARTSMP\DEBUG\GAMEINSTANCE.OBJ
C:\KINGDOM HEARTS MP\BUILD\KINGDOMHEARTSMP\KINGDOMHEARTSMP\DEBUG\GAMEMAP.OBJ
C:\KINGDOM HEARTS MP\BUILD\KINGDOMHEARTSMP\KINGDOMHEARTSMP\DEBUG\GAMEMAPVIEWSCREEN.OBJ
C:\KINGDOM HEARTS MP\BUILD\KINGDOMHEARTSMP\KINGDOMHEARTSMP\DEBUG\GAMETIMEMODULE.OBJ
C:\KINGDOM HEARTS MP\BUILD\KINGDOMHEARTSMP\KINGDOMHEARTSMP\DEBUG\HAND.OBJ
C:\KINGDOM HEARTS MP\BUILD\KINGDOMHEARTSMP\KINGDOMHEARTSMP\DEBUG\INPUTMODULE.OBJ
C:\KINGDOM HEARTS MP\BUILD\KINGDOMHEARTSMP\KINGDOMHEARTSMP\DEBUG\INVENTORY.OBJ
C:\KINGDOM HEARTS MP\BUILD\KINGDOMHEARTSMP\KINGDOMHEARTSMP\DEBUG\ITEM.OBJ
C:\KINGDOM HEARTS MP\BUILD\KINGDOMHEARTSMP\KINGDOMHEARTSMP\DEBUG\ITEMCOMPONENT.OBJ
C:\KINGDOM HEARTS MP\BUILD\KINGDOMHEARTSMP\KINGDOMHEARTSMP\DEBUG\ITEMDATABASE.OBJ
C:\KINGDOM HEARTS MP\BUILD\KINGDOMHEARTSMP\KINGDOMHEARTSMP\DEBUG\KINGDOMHEARTSMP.EXE.INTERMEDIATE.MANIFEST
C:\Kingdom Hearts MP\build\KingdomHeartsMP\KingdomHeartsMP\Debug\KingdomHeartsMP.vcxprojResolveAssemblyReference.cache
C:\Kingdom Hearts MP\build\KingdomHeartsMP\KingdomHeartsMP\Debug\KingdomHeartsMP.write.1.tlog
C:\KINGDOM HEARTS MP\BUILD\KINGDOMHEARTSMP\KINGDOMHEARTSMP\DEBUG\LAYER.OBJ
C:\KINGDOM HEARTS MP\BUILD\KINGDOMHEARTSMP\KINGDOMHEARTSMP\DEBUG\LAYERTRANSITION.OBJ
C:\KINGDOM HEARTS MP\BUILD\KINGDOMHEARTSMP\KINGDOMHEARTSMP\DEBUG\LEVELINGTABLE.OBJ
C:\KINGDOM HEARTS MP\BUILD\KINGDOMHEARTSMP\KINGDOMHEARTSMP\DEBUG\LIBROCKETRENDERINTERFACE.OBJ
C:\KINGDOM HEARTS MP\BUILD\KINGDOMHEARTSMP\KINGDOMHEARTSMP\DEBUG\LIGHT.OBJ
C:\KINGDOM HEARTS MP\BUILD\KINGDOMHEARTSMP\KINGDOMHEARTSMP\DEBUG\LIGHT_POINT.OBJ
C:\KINGDOM HEARTS MP\BUILD\KINGDOMHEARTSMP\KINGDOMHEARTSMP\DEBUG\LIGHTINGSYSTEM.OBJ
C:\KINGDOM HEARTS MP\BUILD\KINGDOMHEARTSMP\KINGDOMHEARTSMP\DEBUG\LIGHTSYSTEM.OBJ
C:\Kingdom Hearts MP\build\KingdomHeartsMP\KingdomHeartsMP\Debug\link.command.1.tlog
C:\Kingdom Hearts MP\build\KingdomHeartsMP\KingdomHeartsMP\Debug\link.read.1.tlog
C:\Kingdom Hearts MP\build\KingdomHeartsMP\KingdomHeartsMP\Debug\link.write.1.tlog
C:\KINGDOM HEARTS MP\BUILD\KINGDOMHEARTSMP\KINGDOMHEARTSMP\DEBUG\MAIN.OBJ
C:\KINGDOM HEARTS MP\BUILD\KINGDOMHEARTSMP\KINGDOMHEARTSMP\DEBUG\MAIN2.OBJ
C:\KINGDOM HEARTS MP\BUILD\KINGDOMHEARTSMP\KINGDOMHEARTSMP\DEBUG\MAPCHARACTER.OBJ
C:\KINGDOM HEARTS MP\BUILD\KINGDOMHEARTSMP\KINGDOMHEARTSMP\DEBUG\MAPCHARACTERMOVEMENTHANDLER.OBJ
C:\KINGDOM HEARTS MP\BUILD\KINGDOMHEARTSMP\KINGDOMHEARTSMP\DEBUG\MAPCHEST.OBJ
C:\KINGDOM HEARTS MP\BUILD\KINGDOMHEARTSMP\KINGDOMHEARTSMP\DEBUG\MAPEVENT.OBJ
C:\KINGDOM HEARTS MP\BUILD\KINGDOMHEARTSMP\KINGDOMHEARTSMP\DEBUG\MAPNPC.OBJ
C:\KINGDOM HEARTS MP\BUILD\KINGDOMHEARTSMP\KINGDOMHEARTSMP\DEBUG\MAPOBECT.OBJ
C:\KINGDOM HEARTS MP\BUILD\KINGDOMHEARTSMP\KINGDOMHEARTSMP\DEBUG\MAPOBJECTVISUALIZER.OBJ
C:\KINGDOM HEARTS MP\BUILD\KINGDOMHEARTSMP\KINGDOMHEARTSMP\DEBUG\MAPVIEWLAYER.OBJ
C:\KINGDOM HEARTS MP\BUILD\KINGDOMHEARTSMP\KINGDOMHEARTSMP\DEBUG\MATHFORMULA.OBJ
C:\KINGDOM HEARTS MP\BUILD\KINGDOMHEARTSMP\KINGDOMHEARTSMP\DEBUG\MATHGRAMMAR.OBJ
C:\KINGDOM HEARTS MP\BUILD\KINGDOMHEARTSMP\KINGDOMHEARTSMP\DEBUG\MECHANICS.OBJ
C:\KINGDOM HEARTS MP\BUILD\KINGDOMHEARTSMP\KINGDOMHEARTSMP\DEBUG\MESSAGE.OBJ
C:\KINGDOM HEARTS MP\BUILD\KINGDOMHEARTSMP\KINGDOMHEARTSMP\DEBUG\MESSAGECENTER.OBJ
C:\Kingdom Hearts MP\build\KingdomHeartsMP\KingdomHeartsMP\Debug\mt.command.1.tlog
C:\Kingdom Hearts MP\build\KingdomHeartsMP\KingdomHeartsMP\Debug\mt.read.1.tlog
C:\Kingdom Hearts MP\build\KingdomHeartsMP\KingdomHeartsMP\Debug\mt.write.1.tlog
C:\KINGDOM HEARTS MP\BUILD\KINGDOMHEARTSMP\KINGDOMHEARTSMP\DEBUG\OPENGLHELPERS.OBJ
C:\KINGDOM HEARTS MP\BUILD\KINGDOMHEARTSMP\KINGDOMHEARTSMP\DEBUG\PLAYERPARTY.OBJ
C:\KINGDOM HEARTS MP\BUILD\KINGDOMHEARTSMP\KINGDOMHEARTSMP\DEBUG\PLAYFIELD.OBJ
C:\KINGDOM HEARTS MP\BUILD\KINGDOMHEARTSMP\KINGDOMHEARTSMP\DEBUG\POINT2I.OBJ
C:\KINGDOM HEARTS MP\BUILD\KINGDOMHEARTSMP\KINGDOMHEARTSMP\DEBUG\PUGIXML.OBJ
C:\KINGDOM HEARTS MP\BUILD\KINGDOMHEARTSMP\KINGDOMHEARTSMP\DEBUG\PYTHONSCRIPTER.OBJ
C:\KINGDOM HEARTS MP\BUILD\KINGDOMHEARTSMP\KINGDOMHEARTSMP\DEBUG\QUADTREE.OBJ
C:\KINGDOM HEARTS MP\BUILD\KINGDOMHEARTSMP\KINGDOMHEARTSMP\DEBUG\QUADTREENODE.OBJ
C:\KINGDOM HEARTS MP\BUILD\KINGDOMHEARTSMP\KINGDOMHEARTSMP\DEBUG\QUADTREEOCCUPANT.OBJ
C:\KINGDOM HEARTS MP\BUILD\KINGDOMHEARTSMP\KINGDOMHEARTSMP\DEBUG\QUEUETURNGENERATOR.OBJ
C:\KINGDOM HEARTS MP\BUILD\KINGDOMHEARTSMP\KINGDOMHEARTSMP\DEBUG\RESOURCELOADIMPORT.OBJ
C:\KINGDOM HEARTS MP\BUILD\KINGDOMHEARTSMP\KINGDOMHEARTSMP\DEBUG\ROCKETMODULE.OBJ
C:\KINGDOM HEARTS MP\BUILD\KINGDOMHEARTSMP\KINGDOMHEARTSMP\DEBUG\ROCKETSYSTEMINTERFACE.OBJ
C:\KINGDOM HEARTS MP\BUILD\KINGDOMHEARTSMP\KINGDOMHEARTSMP\DEBUG\ROCKETUTILITIES.OBJ
C:\KINGDOM HEARTS MP\BUILD\KINGDOMHEARTSMP\KINGDOMHEARTSMP\DEBUG\SCALABLECLOCK.OBJ
C:\KINGDOM HEARTS MP\BUILD\KINGDOMHEARTSMP\KINGDOMHEARTSMP\DEBUG\SCREEN.OBJ
C:\KINGDOM HEARTS MP\BUILD\KINGDOMHEARTSMP\KINGDOMHEARTSMP\DEBUG\SCREENMANAGER.OBJ
C:\KINGDOM HEARTS MP\BUILD\KINGDOMHEARTSMP\KINGDOMHEARTSMP\DEBUG\SCREENSTACK.OBJ
C:\KINGDOM HEARTS MP\BUILD\KINGDOMHEARTSMP\KINGDOMHEARTSMP\DEBUG\SECTIONLOOPMUSIC.OBJ
C:\KINGDOM HEARTS MP\BUILD\KINGDOMHEARTSMP\KINGDOMHEARTSMP\DEBUG\SHADOWFIN.OBJ
C:\KINGDOM HEARTS MP\BUILD\KINGDOMHEARTSMP\KINGDOMHEARTSMP\DEBUG\SHAPES.OBJ
C:\KINGDOM HEARTS MP\BUILD\KINGDOMHEARTSMP\KINGDOMHEARTSMP\DEBUG\SOUNDSYSTEM.OBJ
C:\KINGDOM HEARTS MP\BUILD\KINGDOMHEARTSMP\KINGDOMHEARTSMP\DEBUG\SPAWNPOOL.OBJ
C:\KINGDOM HEARTS MP\BUILD\KINGDOMHEARTSMP\KINGDOMHEARTSMP\DEBUG\SPRITE.OBJ
C:\KINGDOM HEARTS MP\BUILD\KINGDOMHEARTSMP\KINGDOMHEARTSMP\DEBUG\SPRITEIMPORTDATA.OBJ
C:\KINGDOM HEARTS MP\BUILD\KINGDOMHEARTSMP\KINGDOMHEARTSMP\DEBUG\SPRITEINTERFACE.OBJ
C:\KINGDOM HEARTS MP\BUILD\KINGDOMHEARTSMP\KINGDOMHEARTSMP\DEBUG\STATICQUADTREE.OBJ
C:\KINGDOM HEARTS MP\BUILD\KINGDOMHEARTSMP\KINGDOMHEARTSMP\DEBUG\STATS.OBJ
C:\KINGDOM HEARTS MP\BUILD\KINGDOMHEARTSMP\KINGDOMHEARTSMP\DEBUG\STATSCOMPONENT.OBJ
C:\KINGDOM HEARTS MP\BUILD\KINGDOMHEARTSMP\KINGDOMHEARTSMP\DEBUG\STATSMANAGER.OBJ
C:\KINGDOM HEARTS MP\BUILD\KINGDOMHEARTSMP\KINGDOMHEARTSMP\DEBUG\STATUSEFFECT.OBJ
C:\KINGDOM HEARTS MP\BUILD\KINGDOMHEARTSMP\KINGDOMHEARTSMP\DEBUG\STATUSEFFECTIVENESSCOMPONENT.OBJ
C:\KINGDOM HEARTS MP\BUILD\KINGDOMHEARTSMP\KINGDOMHEARTSMP\DEBUG\STATUSEFFECTSMANAGER.OBJ
C:\KINGDOM HEARTS MP\BUILD\KINGDOMHEARTSMP\KINGDOMHEARTSMP\DEBUG\STATUSEFFECTWEIGHTCOMPONENT.OBJ
C:\KINGDOM HEARTS MP\BUILD\KINGDOMHEARTSMP\KINGDOMHEARTSMP\DEBUG\STOPWATCH.OBJ
C:\KINGDOM HEARTS MP\BUILD\KINGDOMHEARTSMP\KINGDOMHEARTSMP\DEBUG\STRINGCONVERSIONUTILITIES.OBJ
C:\KINGDOM HEARTS MP\BUILD\KINGDOMHEARTSMP\KINGDOMHEARTSMP\DEBUG\TARGETTINGCOMPONENT.OBJ
C:\KINGDOM HEARTS MP\BUILD\KINGDOMHEARTSMP\KINGDOMHEARTSMP\DEBUG\TEXTTRANSFORMS.OBJ
C:\KINGDOM HEARTS MP\BUILD\KINGDOMHEARTSMP\KINGDOMHEARTSMP\DEBUG\TEXTURECACHE.OBJ
C:\KINGDOM HEARTS MP\BUILD\KINGDOMHEARTSMP\KINGDOMHEARTSMP\DEBUG\TILEMAP.OBJ
C:\KINGDOM HEARTS MP\BUILD\KINGDOMHEARTSMP\KINGDOMHEARTSMP\DEBUG\TILESET.OBJ
C:\KINGDOM HEARTS MP\BUILD\KINGDOMHEARTSMP\KINGDOMHEARTSMP\DEBUG\TIMER.OBJ
C:\KINGDOM HEARTS MP\BUILD\KINGDOMHEARTSMP\KINGDOMHEARTSMP\DEBUG\TITLESCREEN.OBJ
C:\KINGDOM HEARTS MP\BUILD\KINGDOMHEARTSMP\KINGDOMHEARTSMP\DEBUG\TRIADPLAYER.OBJ
C:\KINGDOM HEARTS MP\BUILD\KINGDOMHEARTSMP\KINGDOMHEARTSMP\DEBUG\TURNGENERATOR.OBJ
C:\KINGDOM HEARTS MP\BUILD\KINGDOMHEARTSMP\KINGDOMHEARTSMP\DEBUG\USECOMPONENTWRAP.OBJ
C:\KINGDOM HEARTS MP\BUILD\KINGDOMHEARTSMP\KINGDOMHEARTSMP\DEBUG\UTILS.OBJ
C:\Kingdom Hearts MP\build\KingdomHeartsMP\KingdomHeartsMP\Debug\vc100.idb
C:\KINGDOM HEARTS MP\BUILD\KINGDOMHEARTSMP\KINGDOMHEARTSMP\DEBUG\VC100.PDB
C:\KINGDOM HEARTS MP\BUILD\KINGDOMHEARTSMP\KINGDOMHEARTSMP\DEBUG\VEC2F.OBJ
C:\KINGDOM HEARTS MP\BUILD\KINGDOMHEARTSMP\KINGDOMHEARTSMP\DEBUG\VIEWMANIPULATOR.OBJ
