C:\KINGDOM HEARTS MP\BUILD\KINGDOMHEARTSMP\KINGDOMHEARTSMP\RELEASE\AABB.OBJ
C:\KINGDOM HEARTS MP\BUILD\KINGDOMHEARTSMP\KINGDOMHEARTSMP\RELEASE\ABILITY.OBJ
C:\KINGDOM HEARTS MP\BUILD\KINGDOMHEARTSMP\KINGDOMHEARTSMP\RELEASE\ABILITYMANAGER.OBJ
C:\KINGDOM HEARTS MP\BUILD\KINGDOMHEARTSMP\KINGDOMHEARTSMP\RELEASE\ACTION.OBJ
C:\KINGDOM HEARTS MP\BUILD\KINGDOMHEARTSMP\KINGDOMHEARTSMP\RELEASE\ACTIONHISTORY.OBJ
C:\Kingdom Hearts MP\build\KingdomHeartsMP\KingdomHeartsMP\Release\ActionLibrary.obj
C:\KINGDOM HEARTS MP\BUILD\KINGDOMHEARTSMP\KINGDOMHEARTSMP\RELEASE\ACTIONUSERTARGET.OBJ
C:\KINGDOM HEARTS MP\BUILD\KINGDOMHEARTSMP\KINGDOMHEARTSMP\RELEASE\ANIMATEDLAYER.OBJ
C:\KINGDOM HEARTS MP\BUILD\KINGDOMHEARTSMP\KINGDOMHEARTSMP\RELEASE\ANIMATEDSPRITE.OBJ
C:\KINGDOM HEARTS MP\BUILD\KINGDOMHEARTSMP\KINGDOMHEARTSMP\RELEASE\ANIMATEDSPRITEINTERFACE.OBJ
C:\KINGDOM HEARTS MP\BUILD\KINGDOMHEARTSMP\KINGDOMHEARTSMP\RELEASE\ANIMATEDTILESET.OBJ
C:\Kingdom Hearts MP\build\KingdomHeartsMP\KingdomHeartsMP\Release\AnimatorCollection.obj
C:\Kingdom Hearts MP\build\KingdomHeartsMP\KingdomHeartsMP\Release\AppConfiguration.obj
C:\KINGDOM HEARTS MP\BUILD\KINGDOMHEARTSMP\KINGDOMHEARTSMP\RELEASE\ARMORCOMPONENT.OBJ
C:\KINGDOM HEARTS MP\BUILD\KINGDOMHEARTSMP\KINGDOMHEARTSMP\RELEASE\ATBTURNGENERATOR.OBJ
C:\KINGDOM HEARTS MP\BUILD\KINGDOMHEARTSMP\KINGDOMHEARTSMP\RELEASE\ATTACK.OBJ
C:\Kingdom Hearts MP\build\KingdomHeartsMP\KingdomHeartsMP\Release\base64.obj
C:\KINGDOM HEARTS MP\BUILD\KINGDOMHEARTSMP\KINGDOMHEARTSMP\RELEASE\BASECHARACTER.OBJ
C:\Kingdom Hearts MP\build\KingdomHeartsMP\KingdomHeartsMP\Release\BaseFileInterface.obj
C:\KINGDOM HEARTS MP\BUILD\KINGDOMHEARTSMP\KINGDOMHEARTSMP\RELEASE\BASEMECHANICS.OBJ
C:\KINGDOM HEARTS MP\BUILD\KINGDOMHEARTSMP\KINGDOMHEARTSMP\RELEASE\BASETRANSFORM.OBJ
C:\KINGDOM HEARTS MP\BUILD\KINGDOMHEARTSMP\KINGDOMHEARTSMP\RELEASE\BASICRMLSCREEN.OBJ
C:\KINGDOM HEARTS MP\BUILD\KINGDOMHEARTSMP\KINGDOMHEARTSMP\RELEASE\BATTLECHARACTERVISUALIZER.OBJ
C:\KINGDOM HEARTS MP\BUILD\KINGDOMHEARTSMP\KINGDOMHEARTSMP\RELEASE\BATTLEFIELD.OBJ
C:\KINGDOM HEARTS MP\BUILD\KINGDOMHEARTSMP\KINGDOMHEARTSMP\RELEASE\BATTLEPARTYVISUALIZER.OBJ
C:\KINGDOM HEARTS MP\BUILD\KINGDOMHEARTSMP\KINGDOMHEARTSMP\RELEASE\BATTLEQUEUEVISUALIZER.OBJ
C:\KINGDOM HEARTS MP\BUILD\KINGDOMHEARTSMP\KINGDOMHEARTSMP\RELEASE\BATTLERAI.OBJ
C:\KINGDOM HEARTS MP\BUILD\KINGDOMHEARTSMP\KINGDOMHEARTSMP\RELEASE\BATTLESCREEN.OBJ
C:\KINGDOM HEARTS MP\BUILD\KINGDOMHEARTSMP\KINGDOMHEARTSMP\RELEASE\CAMERA.OBJ
C:\Kingdom Hearts MP\build\KingdomHeartsMP\KingdomHeartsMP\Release\card.obj
C:\KINGDOM HEARTS MP\BUILD\KINGDOMHEARTSMP\KINGDOMHEARTSMP\RELEASE\CHARACTERBATTLESTATUSVISUALIZER.OBJ
C:\KINGDOM HEARTS MP\BUILD\KINGDOMHEARTSMP\KINGDOMHEARTSMP\RELEASE\CHARACTERCOMMANDVISUALIZER.OBJ
C:\KINGDOM HEARTS MP\BUILD\KINGDOMHEARTSMP\KINGDOMHEARTSMP\RELEASE\CHARACTEREQUIPMENTCOMPONENT.OBJ
C:\KINGDOM HEARTS MP\BUILD\KINGDOMHEARTSMP\KINGDOMHEARTSMP\RELEASE\CHARACTEROVERVIEWVISUALIZER.OBJ
C:\KINGDOM HEARTS MP\BUILD\KINGDOMHEARTSMP\KINGDOMHEARTSMP\RELEASE\CHARACTERPARTYOVERVIEW.OBJ
C:\KINGDOM HEARTS MP\BUILD\KINGDOMHEARTSMP\KINGDOMHEARTSMP\RELEASE\CHARACTERSPAWNER.OBJ
C:\Kingdom Hearts MP\build\KingdomHeartsMP\KingdomHeartsMP\Release\CL.10052.read.1.tlog
C:\Kingdom Hearts MP\build\KingdomHeartsMP\KingdomHeartsMP\Release\CL.10052.write.1.tlog
C:\Kingdom Hearts MP\build\KingdomHeartsMP\KingdomHeartsMP\Release\CL.10084.read.1.tlog
C:\Kingdom Hearts MP\build\KingdomHeartsMP\KingdomHeartsMP\Release\CL.10084.write.1.tlog
C:\Kingdom Hearts MP\build\KingdomHeartsMP\KingdomHeartsMP\Release\CL.10112.read.1.tlog
C:\Kingdom Hearts MP\build\KingdomHeartsMP\KingdomHeartsMP\Release\CL.10112.write.1.tlog
C:\Kingdom Hearts MP\build\KingdomHeartsMP\KingdomHeartsMP\Release\CL.10196.read.1.tlog
C:\Kingdom Hearts MP\build\KingdomHeartsMP\KingdomHeartsMP\Release\CL.10196.write.1.tlog
C:\Kingdom Hearts MP\build\KingdomHeartsMP\KingdomHeartsMP\Release\CL.10244.read.1.tlog
C:\Kingdom Hearts MP\build\KingdomHeartsMP\KingdomHeartsMP\Release\CL.10244.write.1.tlog
C:\Kingdom Hearts MP\build\KingdomHeartsMP\KingdomHeartsMP\Release\CL.10380.read.1.tlog
C:\Kingdom Hearts MP\build\KingdomHeartsMP\KingdomHeartsMP\Release\CL.10380.write.1.tlog
C:\Kingdom Hearts MP\build\KingdomHeartsMP\KingdomHeartsMP\Release\CL.10500.read.1.tlog
C:\Kingdom Hearts MP\build\KingdomHeartsMP\KingdomHeartsMP\Release\CL.10500.write.1.tlog
C:\Kingdom Hearts MP\build\KingdomHeartsMP\KingdomHeartsMP\Release\CL.10508.read.1.tlog
C:\Kingdom Hearts MP\build\KingdomHeartsMP\KingdomHeartsMP\Release\CL.10508.write.1.tlog
C:\Kingdom Hearts MP\build\KingdomHeartsMP\KingdomHeartsMP\Release\CL.10604.read.1.tlog
C:\Kingdom Hearts MP\build\KingdomHeartsMP\KingdomHeartsMP\Release\CL.10604.write.1.tlog
C:\Kingdom Hearts MP\build\KingdomHeartsMP\KingdomHeartsMP\Release\CL.10628.read.1.tlog
C:\Kingdom Hearts MP\build\KingdomHeartsMP\KingdomHeartsMP\Release\CL.10628.write.1.tlog
C:\Kingdom Hearts MP\build\KingdomHeartsMP\KingdomHeartsMP\Release\CL.10712.read.1.tlog
C:\Kingdom Hearts MP\build\KingdomHeartsMP\KingdomHeartsMP\Release\CL.10712.write.1.tlog
C:\Kingdom Hearts MP\build\KingdomHeartsMP\KingdomHeartsMP\Release\CL.10732.read.1.tlog
C:\Kingdom Hearts MP\build\KingdomHeartsMP\KingdomHeartsMP\Release\CL.10732.write.1.tlog
C:\Kingdom Hearts MP\build\KingdomHeartsMP\KingdomHeartsMP\Release\CL.10804.read.1.tlog
C:\Kingdom Hearts MP\build\KingdomHeartsMP\KingdomHeartsMP\Release\CL.10804.write.1.tlog
C:\Kingdom Hearts MP\build\KingdomHeartsMP\KingdomHeartsMP\Release\CL.10856.read.1.tlog
C:\Kingdom Hearts MP\build\KingdomHeartsMP\KingdomHeartsMP\Release\CL.10856.write.1.tlog
C:\Kingdom Hearts MP\build\KingdomHeartsMP\KingdomHeartsMP\Release\CL.10904.read.1.tlog
C:\Kingdom Hearts MP\build\KingdomHeartsMP\KingdomHeartsMP\Release\CL.10904.write.1.tlog
C:\Kingdom Hearts MP\build\KingdomHeartsMP\KingdomHeartsMP\Release\CL.11016.read.1.tlog
C:\Kingdom Hearts MP\build\KingdomHeartsMP\KingdomHeartsMP\Release\CL.11016.write.1.tlog
C:\Kingdom Hearts MP\build\KingdomHeartsMP\KingdomHeartsMP\Release\CL.11064.read.1.tlog
C:\Kingdom Hearts MP\build\KingdomHeartsMP\KingdomHeartsMP\Release\CL.11064.write.1.tlog
C:\Kingdom Hearts MP\build\KingdomHeartsMP\KingdomHeartsMP\Release\CL.11232.read.1.tlog
C:\Kingdom Hearts MP\build\KingdomHeartsMP\KingdomHeartsMP\Release\CL.11232.write.1.tlog
C:\Kingdom Hearts MP\build\KingdomHeartsMP\KingdomHeartsMP\Release\CL.11292.read.1.tlog
C:\Kingdom Hearts MP\build\KingdomHeartsMP\KingdomHeartsMP\Release\CL.11292.write.1.tlog
C:\Kingdom Hearts MP\build\KingdomHeartsMP\KingdomHeartsMP\Release\CL.11388.read.1.tlog
C:\Kingdom Hearts MP\build\KingdomHeartsMP\KingdomHeartsMP\Release\CL.11388.write.1.tlog
C:\Kingdom Hearts MP\build\KingdomHeartsMP\KingdomHeartsMP\Release\CL.11476.read.1.tlog
C:\Kingdom Hearts MP\build\KingdomHeartsMP\KingdomHeartsMP\Release\CL.11476.write.1.tlog
C:\Kingdom Hearts MP\build\KingdomHeartsMP\KingdomHeartsMP\Release\CL.1148.read.1.tlog
C:\Kingdom Hearts MP\build\KingdomHeartsMP\KingdomHeartsMP\Release\CL.1148.write.1.tlog
C:\Kingdom Hearts MP\build\KingdomHeartsMP\KingdomHeartsMP\Release\CL.11536.read.1.tlog
C:\Kingdom Hearts MP\build\KingdomHeartsMP\KingdomHeartsMP\Release\CL.11536.write.1.tlog
C:\Kingdom Hearts MP\build\KingdomHeartsMP\KingdomHeartsMP\Release\CL.11764.read.1.tlog
C:\Kingdom Hearts MP\build\KingdomHeartsMP\KingdomHeartsMP\Release\CL.11764.write.1.tlog
C:\Kingdom Hearts MP\build\KingdomHeartsMP\KingdomHeartsMP\Release\CL.11780.read.1.tlog
C:\Kingdom Hearts MP\build\KingdomHeartsMP\KingdomHeartsMP\Release\CL.11780.write.1.tlog
C:\Kingdom Hearts MP\build\KingdomHeartsMP\KingdomHeartsMP\Release\CL.11868.read.1.tlog
C:\Kingdom Hearts MP\build\KingdomHeartsMP\KingdomHeartsMP\Release\CL.11868.write.1.tlog
C:\Kingdom Hearts MP\build\KingdomHeartsMP\KingdomHeartsMP\Release\CL.11876.read.1.tlog
C:\Kingdom Hearts MP\build\KingdomHeartsMP\KingdomHeartsMP\Release\CL.11876.write.1.tlog
C:\Kingdom Hearts MP\build\KingdomHeartsMP\KingdomHeartsMP\Release\CL.11904.read.1.tlog
C:\Kingdom Hearts MP\build\KingdomHeartsMP\KingdomHeartsMP\Release\CL.11904.write.1.tlog
C:\Kingdom Hearts MP\build\KingdomHeartsMP\KingdomHeartsMP\Release\CL.11980.read.1.tlog
C:\Kingdom Hearts MP\build\KingdomHeartsMP\KingdomHeartsMP\Release\CL.11980.write.1.tlog
C:\Kingdom Hearts MP\build\KingdomHeartsMP\KingdomHeartsMP\Release\CL.11996.read.1.tlog
C:\Kingdom Hearts MP\build\KingdomHeartsMP\KingdomHeartsMP\Release\CL.11996.write.1.tlog
C:\Kingdom Hearts MP\build\KingdomHeartsMP\KingdomHeartsMP\Release\CL.12004.read.1.tlog
C:\Kingdom Hearts MP\build\KingdomHeartsMP\KingdomHeartsMP\Release\CL.12004.write.1.tlog
C:\Kingdom Hearts MP\build\KingdomHeartsMP\KingdomHeartsMP\Release\CL.12100.read.1.tlog
C:\Kingdom Hearts MP\build\KingdomHeartsMP\KingdomHeartsMP\Release\CL.12100.write.1.tlog
C:\Kingdom Hearts MP\build\KingdomHeartsMP\KingdomHeartsMP\Release\CL.12140.read.1.tlog
C:\Kingdom Hearts MP\build\KingdomHeartsMP\KingdomHeartsMP\Release\CL.12140.write.1.tlog
C:\Kingdom Hearts MP\build\KingdomHeartsMP\KingdomHeartsMP\Release\CL.12180.read.1.tlog
C:\Kingdom Hearts MP\build\KingdomHeartsMP\KingdomHeartsMP\Release\CL.12180.write.1.tlog
C:\Kingdom Hearts MP\build\KingdomHeartsMP\KingdomHeartsMP\Release\CL.12388.read.1.tlog
C:\Kingdom Hearts MP\build\KingdomHeartsMP\KingdomHeartsMP\Release\CL.12388.write.1.tlog
C:\Kingdom Hearts MP\build\KingdomHeartsMP\KingdomHeartsMP\Release\CL.12404.read.1.tlog
C:\Kingdom Hearts MP\build\KingdomHeartsMP\KingdomHeartsMP\Release\CL.12404.write.1.tlog
C:\Kingdom Hearts MP\build\KingdomHeartsMP\KingdomHeartsMP\Release\CL.12572.read.1.tlog
C:\Kingdom Hearts MP\build\KingdomHeartsMP\KingdomHeartsMP\Release\CL.12572.write.1.tlog
C:\Kingdom Hearts MP\build\KingdomHeartsMP\KingdomHeartsMP\Release\CL.12600.read.1.tlog
C:\Kingdom Hearts MP\build\KingdomHeartsMP\KingdomHeartsMP\Release\CL.12600.write.1.tlog
C:\Kingdom Hearts MP\build\KingdomHeartsMP\KingdomHeartsMP\Release\CL.12732.read.1.tlog
C:\Kingdom Hearts MP\build\KingdomHeartsMP\KingdomHeartsMP\Release\CL.12732.write.1.tlog
C:\Kingdom Hearts MP\build\KingdomHeartsMP\KingdomHeartsMP\Release\CL.12744.read.1.tlog
C:\Kingdom Hearts MP\build\KingdomHeartsMP\KingdomHeartsMP\Release\CL.12744.write.1.tlog
C:\Kingdom Hearts MP\build\KingdomHeartsMP\KingdomHeartsMP\Release\CL.1300.read.1.tlog
C:\Kingdom Hearts MP\build\KingdomHeartsMP\KingdomHeartsMP\Release\CL.1300.write.1.tlog
C:\Kingdom Hearts MP\build\KingdomHeartsMP\KingdomHeartsMP\Release\CL.13024.read.1.tlog
C:\Kingdom Hearts MP\build\KingdomHeartsMP\KingdomHeartsMP\Release\CL.13024.write.1.tlog
C:\Kingdom Hearts MP\build\KingdomHeartsMP\KingdomHeartsMP\Release\CL.13028.read.1.tlog
C:\Kingdom Hearts MP\build\KingdomHeartsMP\KingdomHeartsMP\Release\CL.13028.write.1.tlog
C:\Kingdom Hearts MP\build\KingdomHeartsMP\KingdomHeartsMP\Release\CL.13128.read.1.tlog
C:\Kingdom Hearts MP\build\KingdomHeartsMP\KingdomHeartsMP\Release\CL.13128.write.1.tlog
C:\Kingdom Hearts MP\build\KingdomHeartsMP\KingdomHeartsMP\Release\CL.13328.read.1.tlog
C:\Kingdom Hearts MP\build\KingdomHeartsMP\KingdomHeartsMP\Release\CL.13328.write.1.tlog
C:\Kingdom Hearts MP\build\KingdomHeartsMP\KingdomHeartsMP\Release\CL.1344.read.1.tlog
C:\Kingdom Hearts MP\build\KingdomHeartsMP\KingdomHeartsMP\Release\CL.1344.write.1.tlog
C:\Kingdom Hearts MP\build\KingdomHeartsMP\KingdomHeartsMP\Release\CL.13748.read.1.tlog
C:\Kingdom Hearts MP\build\KingdomHeartsMP\KingdomHeartsMP\Release\CL.13748.write.1.tlog
C:\Kingdom Hearts MP\build\KingdomHeartsMP\KingdomHeartsMP\Release\CL.14100.read.1.tlog
C:\Kingdom Hearts MP\build\KingdomHeartsMP\KingdomHeartsMP\Release\CL.14100.write.1.tlog
C:\Kingdom Hearts MP\build\KingdomHeartsMP\KingdomHeartsMP\Release\CL.15000.read.1.tlog
C:\Kingdom Hearts MP\build\KingdomHeartsMP\KingdomHeartsMP\Release\CL.15000.write.1.tlog
C:\Kingdom Hearts MP\build\KingdomHeartsMP\KingdomHeartsMP\Release\CL.15136.read.1.tlog
C:\Kingdom Hearts MP\build\KingdomHeartsMP\KingdomHeartsMP\Release\CL.15136.write.1.tlog
C:\Kingdom Hearts MP\build\KingdomHeartsMP\KingdomHeartsMP\Release\CL.15260.read.1.tlog
C:\Kingdom Hearts MP\build\KingdomHeartsMP\KingdomHeartsMP\Release\CL.15260.write.1.tlog
C:\Kingdom Hearts MP\build\KingdomHeartsMP\KingdomHeartsMP\Release\CL.1696.read.1.tlog
C:\Kingdom Hearts MP\build\KingdomHeartsMP\KingdomHeartsMP\Release\CL.1696.write.1.tlog
C:\Kingdom Hearts MP\build\KingdomHeartsMP\KingdomHeartsMP\Release\CL.1888.read.1.tlog
C:\Kingdom Hearts MP\build\KingdomHeartsMP\KingdomHeartsMP\Release\CL.1888.write.1.tlog
C:\Kingdom Hearts MP\build\KingdomHeartsMP\KingdomHeartsMP\Release\CL.2144.read.1.tlog
C:\Kingdom Hearts MP\build\KingdomHeartsMP\KingdomHeartsMP\Release\CL.2144.write.1.tlog
C:\Kingdom Hearts MP\build\KingdomHeartsMP\KingdomHeartsMP\Release\CL.244.read.1.tlog
C:\Kingdom Hearts MP\build\KingdomHeartsMP\KingdomHeartsMP\Release\CL.244.write.1.tlog
C:\Kingdom Hearts MP\build\KingdomHeartsMP\KingdomHeartsMP\Release\CL.2548.read.1.tlog
C:\Kingdom Hearts MP\build\KingdomHeartsMP\KingdomHeartsMP\Release\CL.2548.write.1.tlog
C:\Kingdom Hearts MP\build\KingdomHeartsMP\KingdomHeartsMP\Release\CL.2956.read.1.tlog
C:\Kingdom Hearts MP\build\KingdomHeartsMP\KingdomHeartsMP\Release\CL.2956.write.1.tlog
C:\Kingdom Hearts MP\build\KingdomHeartsMP\KingdomHeartsMP\Release\CL.4284.read.1.tlog
C:\Kingdom Hearts MP\build\KingdomHeartsMP\KingdomHeartsMP\Release\CL.4284.write.1.tlog
C:\Kingdom Hearts MP\build\KingdomHeartsMP\KingdomHeartsMP\Release\CL.4308.read.1.tlog
C:\Kingdom Hearts MP\build\KingdomHeartsMP\KingdomHeartsMP\Release\CL.4308.write.1.tlog
C:\Kingdom Hearts MP\build\KingdomHeartsMP\KingdomHeartsMP\Release\CL.4904.read.1.tlog
C:\Kingdom Hearts MP\build\KingdomHeartsMP\KingdomHeartsMP\Release\CL.4904.write.1.tlog
C:\Kingdom Hearts MP\build\KingdomHeartsMP\KingdomHeartsMP\Release\CL.5032.read.1.tlog
C:\Kingdom Hearts MP\build\KingdomHeartsMP\KingdomHeartsMP\Release\CL.5032.write.1.tlog
C:\Kingdom Hearts MP\build\KingdomHeartsMP\KingdomHeartsMP\Release\CL.5040.read.1.tlog
C:\Kingdom Hearts MP\build\KingdomHeartsMP\KingdomHeartsMP\Release\CL.5040.write.1.tlog
C:\Kingdom Hearts MP\build\KingdomHeartsMP\KingdomHeartsMP\Release\CL.5092.read.1.tlog
C:\Kingdom Hearts MP\build\KingdomHeartsMP\KingdomHeartsMP\Release\CL.5092.write.1.tlog
C:\Kingdom Hearts MP\build\KingdomHeartsMP\KingdomHeartsMP\Release\CL.5156.read.1.tlog
C:\Kingdom Hearts MP\build\KingdomHeartsMP\KingdomHeartsMP\Release\CL.5156.write.1.tlog
C:\Kingdom Hearts MP\build\KingdomHeartsMP\KingdomHeartsMP\Release\CL.5336.read.1.tlog
C:\Kingdom Hearts MP\build\KingdomHeartsMP\KingdomHeartsMP\Release\CL.5336.write.1.tlog
C:\Kingdom Hearts MP\build\KingdomHeartsMP\KingdomHeartsMP\Release\CL.5516.read.1.tlog
C:\Kingdom Hearts MP\build\KingdomHeartsMP\KingdomHeartsMP\Release\CL.5516.write.1.tlog
C:\Kingdom Hearts MP\build\KingdomHeartsMP\KingdomHeartsMP\Release\CL.5588.read.1.tlog
C:\Kingdom Hearts MP\build\KingdomHeartsMP\KingdomHeartsMP\Release\CL.5588.write.1.tlog
C:\Kingdom Hearts MP\build\KingdomHeartsMP\KingdomHeartsMP\Release\CL.5696.read.1.tlog
C:\Kingdom Hearts MP\build\KingdomHeartsMP\KingdomHeartsMP\Release\CL.5696.write.1.tlog
C:\Kingdom Hearts MP\build\KingdomHeartsMP\KingdomHeartsMP\Release\CL.5776.read.1.tlog
C:\Kingdom Hearts MP\build\KingdomHeartsMP\KingdomHeartsMP\Release\CL.5776.write.1.tlog
C:\Kingdom Hearts MP\build\KingdomHeartsMP\KingdomHeartsMP\Release\CL.5940.read.1.tlog
C:\Kingdom Hearts MP\build\KingdomHeartsMP\KingdomHeartsMP\Release\CL.5940.write.1.tlog
C:\Kingdom Hearts MP\build\KingdomHeartsMP\KingdomHeartsMP\Release\CL.6148.read.1.tlog
C:\Kingdom Hearts MP\build\KingdomHeartsMP\KingdomHeartsMP\Release\CL.6148.write.1.tlog
C:\Kingdom Hearts MP\build\KingdomHeartsMP\KingdomHeartsMP\Release\CL.6240.read.1.tlog
C:\Kingdom Hearts MP\build\KingdomHeartsMP\KingdomHeartsMP\Release\CL.6240.write.1.tlog
C:\Kingdom Hearts MP\build\KingdomHeartsMP\KingdomHeartsMP\Release\CL.6424.read.1.tlog
C:\Kingdom Hearts MP\build\KingdomHeartsMP\KingdomHeartsMP\Release\CL.6424.write.1.tlog
C:\Kingdom Hearts MP\build\KingdomHeartsMP\KingdomHeartsMP\Release\CL.6444.read.1.tlog
C:\Kingdom Hearts MP\build\KingdomHeartsMP\KingdomHeartsMP\Release\CL.6444.write.1.tlog
C:\Kingdom Hearts MP\build\KingdomHeartsMP\KingdomHeartsMP\Release\CL.6496.read.1.tlog
C:\Kingdom Hearts MP\build\KingdomHeartsMP\KingdomHeartsMP\Release\CL.6496.write.1.tlog
C:\Kingdom Hearts MP\build\KingdomHeartsMP\KingdomHeartsMP\Release\CL.6512.read.1.tlog
C:\Kingdom Hearts MP\build\KingdomHeartsMP\KingdomHeartsMP\Release\CL.6512.write.1.tlog
C:\Kingdom Hearts MP\build\KingdomHeartsMP\KingdomHeartsMP\Release\CL.6580.read.1.tlog
C:\Kingdom Hearts MP\build\KingdomHeartsMP\KingdomHeartsMP\Release\CL.6580.write.1.tlog
C:\Kingdom Hearts MP\build\KingdomHeartsMP\KingdomHeartsMP\Release\CL.6816.read.1.tlog
C:\Kingdom Hearts MP\build\KingdomHeartsMP\KingdomHeartsMP\Release\CL.6816.write.1.tlog
C:\Kingdom Hearts MP\build\KingdomHeartsMP\KingdomHeartsMP\Release\CL.6968.read.1.tlog
C:\Kingdom Hearts MP\build\KingdomHeartsMP\KingdomHeartsMP\Release\CL.6968.write.1.tlog
C:\Kingdom Hearts MP\build\KingdomHeartsMP\KingdomHeartsMP\Release\CL.6984.read.1.tlog
C:\Kingdom Hearts MP\build\KingdomHeartsMP\KingdomHeartsMP\Release\CL.6984.write.1.tlog
C:\Kingdom Hearts MP\build\KingdomHeartsMP\KingdomHeartsMP\Release\CL.7044.read.1.tlog
C:\Kingdom Hearts MP\build\KingdomHeartsMP\KingdomHeartsMP\Release\CL.7044.write.1.tlog
C:\Kingdom Hearts MP\build\KingdomHeartsMP\KingdomHeartsMP\Release\CL.7064.read.1.tlog
C:\Kingdom Hearts MP\build\KingdomHeartsMP\KingdomHeartsMP\Release\CL.7064.write.1.tlog
C:\Kingdom Hearts MP\build\KingdomHeartsMP\KingdomHeartsMP\Release\CL.7080.read.1.tlog
C:\Kingdom Hearts MP\build\KingdomHeartsMP\KingdomHeartsMP\Release\CL.7080.write.1.tlog
C:\Kingdom Hearts MP\build\KingdomHeartsMP\KingdomHeartsMP\Release\CL.7160.read.1.tlog
C:\Kingdom Hearts MP\build\KingdomHeartsMP\KingdomHeartsMP\Release\CL.7160.write.1.tlog
C:\Kingdom Hearts MP\build\KingdomHeartsMP\KingdomHeartsMP\Release\CL.7264.read.1.tlog
C:\Kingdom Hearts MP\build\KingdomHeartsMP\KingdomHeartsMP\Release\CL.7264.write.1.tlog
C:\Kingdom Hearts MP\build\KingdomHeartsMP\KingdomHeartsMP\Release\CL.7292.read.1.tlog
C:\Kingdom Hearts MP\build\KingdomHeartsMP\KingdomHeartsMP\Release\CL.7292.write.1.tlog
C:\Kingdom Hearts MP\build\KingdomHeartsMP\KingdomHeartsMP\Release\CL.7440.read.1.tlog
C:\Kingdom Hearts MP\build\KingdomHeartsMP\KingdomHeartsMP\Release\CL.7440.write.1.tlog
C:\Kingdom Hearts MP\build\KingdomHeartsMP\KingdomHeartsMP\Release\CL.7628.read.1.tlog
C:\Kingdom Hearts MP\build\KingdomHeartsMP\KingdomHeartsMP\Release\CL.7628.write.1.tlog
C:\Kingdom Hearts MP\build\KingdomHeartsMP\KingdomHeartsMP\Release\CL.7676.read.1.tlog
C:\Kingdom Hearts MP\build\KingdomHeartsMP\KingdomHeartsMP\Release\CL.7676.write.1.tlog
C:\Kingdom Hearts MP\build\KingdomHeartsMP\KingdomHeartsMP\Release\CL.7708.read.1.tlog
C:\Kingdom Hearts MP\build\KingdomHeartsMP\KingdomHeartsMP\Release\CL.7708.write.1.tlog
C:\Kingdom Hearts MP\build\KingdomHeartsMP\KingdomHeartsMP\Release\CL.7928.read.1.tlog
C:\Kingdom Hearts MP\build\KingdomHeartsMP\KingdomHeartsMP\Release\CL.7928.write.1.tlog
C:\Kingdom Hearts MP\build\KingdomHeartsMP\KingdomHeartsMP\Release\CL.7960.read.1.tlog
C:\Kingdom Hearts MP\build\KingdomHeartsMP\KingdomHeartsMP\Release\CL.7960.write.1.tlog
C:\Kingdom Hearts MP\build\KingdomHeartsMP\KingdomHeartsMP\Release\CL.7992.read.1.tlog
C:\Kingdom Hearts MP\build\KingdomHeartsMP\KingdomHeartsMP\Release\CL.7992.write.1.tlog
C:\Kingdom Hearts MP\build\KingdomHeartsMP\KingdomHeartsMP\Release\CL.8096.read.1.tlog
C:\Kingdom Hearts MP\build\KingdomHeartsMP\KingdomHeartsMP\Release\CL.8096.write.1.tlog
C:\Kingdom Hearts MP\build\KingdomHeartsMP\KingdomHeartsMP\Release\CL.8140.read.1.tlog
C:\Kingdom Hearts MP\build\KingdomHeartsMP\KingdomHeartsMP\Release\CL.8140.write.1.tlog
C:\Kingdom Hearts MP\build\KingdomHeartsMP\KingdomHeartsMP\Release\CL.8180.read.1.tlog
C:\Kingdom Hearts MP\build\KingdomHeartsMP\KingdomHeartsMP\Release\CL.8180.write.1.tlog
C:\Kingdom Hearts MP\build\KingdomHeartsMP\KingdomHeartsMP\Release\CL.8284.read.1.tlog
C:\Kingdom Hearts MP\build\KingdomHeartsMP\KingdomHeartsMP\Release\CL.8284.write.1.tlog
C:\Kingdom Hearts MP\build\KingdomHeartsMP\KingdomHeartsMP\Release\CL.8344.read.1.tlog
C:\Kingdom Hearts MP\build\KingdomHeartsMP\KingdomHeartsMP\Release\CL.8344.write.1.tlog
C:\Kingdom Hearts MP\build\KingdomHeartsMP\KingdomHeartsMP\Release\CL.8360.read.1.tlog
C:\Kingdom Hearts MP\build\KingdomHeartsMP\KingdomHeartsMP\Release\CL.8360.write.1.tlog
C:\Kingdom Hearts MP\build\KingdomHeartsMP\KingdomHeartsMP\Release\CL.8592.read.1.tlog
C:\Kingdom Hearts MP\build\KingdomHeartsMP\KingdomHeartsMP\Release\CL.8592.write.1.tlog
C:\Kingdom Hearts MP\build\KingdomHeartsMP\KingdomHeartsMP\Release\CL.8616.read.1.tlog
C:\Kingdom Hearts MP\build\KingdomHeartsMP\KingdomHeartsMP\Release\CL.8616.write.1.tlog
C:\Kingdom Hearts MP\build\KingdomHeartsMP\KingdomHeartsMP\Release\CL.8632.read.1.tlog
C:\Kingdom Hearts MP\build\KingdomHeartsMP\KingdomHeartsMP\Release\CL.8632.write.1.tlog
C:\Kingdom Hearts MP\build\KingdomHeartsMP\KingdomHeartsMP\Release\CL.8764.read.1.tlog
C:\Kingdom Hearts MP\build\KingdomHeartsMP\KingdomHeartsMP\Release\CL.8764.write.1.tlog
C:\Kingdom Hearts MP\build\KingdomHeartsMP\KingdomHeartsMP\Release\CL.8928.read.1.tlog
C:\Kingdom Hearts MP\build\KingdomHeartsMP\KingdomHeartsMP\Release\CL.8928.write.1.tlog
C:\Kingdom Hearts MP\build\KingdomHeartsMP\KingdomHeartsMP\Release\CL.8936.read.1.tlog
C:\Kingdom Hearts MP\build\KingdomHeartsMP\KingdomHeartsMP\Release\CL.8936.write.1.tlog
C:\Kingdom Hearts MP\build\KingdomHeartsMP\KingdomHeartsMP\Release\CL.8984.read.1.tlog
C:\Kingdom Hearts MP\build\KingdomHeartsMP\KingdomHeartsMP\Release\CL.8984.write.1.tlog
C:\Kingdom Hearts MP\build\KingdomHeartsMP\KingdomHeartsMP\Release\CL.9064.read.1.tlog
C:\Kingdom Hearts MP\build\KingdomHeartsMP\KingdomHeartsMP\Release\CL.9064.write.1.tlog
C:\Kingdom Hearts MP\build\KingdomHeartsMP\KingdomHeartsMP\Release\CL.9224.read.1.tlog
C:\Kingdom Hearts MP\build\KingdomHeartsMP\KingdomHeartsMP\Release\CL.9224.write.1.tlog
C:\Kingdom Hearts MP\build\KingdomHeartsMP\KingdomHeartsMP\Release\CL.9360.read.1.tlog
C:\Kingdom Hearts MP\build\KingdomHeartsMP\KingdomHeartsMP\Release\CL.9360.write.1.tlog
C:\Kingdom Hearts MP\build\KingdomHeartsMP\KingdomHeartsMP\Release\CL.9372.read.1.tlog
C:\Kingdom Hearts MP\build\KingdomHeartsMP\KingdomHeartsMP\Release\CL.9372.write.1.tlog
C:\Kingdom Hearts MP\build\KingdomHeartsMP\KingdomHeartsMP\Release\CL.9584.read.1.tlog
C:\Kingdom Hearts MP\build\KingdomHeartsMP\KingdomHeartsMP\Release\CL.9584.write.1.tlog
C:\Kingdom Hearts MP\build\KingdomHeartsMP\KingdomHeartsMP\Release\CL.9600.read.1.tlog
C:\Kingdom Hearts MP\build\KingdomHeartsMP\KingdomHeartsMP\Release\CL.9600.write.1.tlog
C:\Kingdom Hearts MP\build\KingdomHeartsMP\KingdomHeartsMP\Release\CL.9732.read.1.tlog
C:\Kingdom Hearts MP\build\KingdomHeartsMP\KingdomHeartsMP\Release\CL.9732.write.1.tlog
C:\Kingdom Hearts MP\build\KingdomHeartsMP\KingdomHeartsMP\Release\CL.9760.read.1.tlog
C:\Kingdom Hearts MP\build\KingdomHeartsMP\KingdomHeartsMP\Release\CL.9760.write.1.tlog
C:\Kingdom Hearts MP\build\KingdomHeartsMP\KingdomHeartsMP\Release\CL.992.read.1.tlog
C:\Kingdom Hearts MP\build\KingdomHeartsMP\KingdomHeartsMP\Release\CL.992.write.1.tlog
C:\Kingdom Hearts MP\build\KingdomHeartsMP\KingdomHeartsMP\Release\CL.9924.read.1.tlog
C:\Kingdom Hearts MP\build\KingdomHeartsMP\KingdomHeartsMP\Release\CL.9924.write.1.tlog
C:\Kingdom Hearts MP\build\KingdomHeartsMP\KingdomHeartsMP\Release\CL.9952.read.1.tlog
C:\Kingdom Hearts MP\build\KingdomHeartsMP\KingdomHeartsMP\Release\CL.9952.write.1.tlog
C:\Kingdom Hearts MP\build\KingdomHeartsMP\KingdomHeartsMP\Release\cl.command.1.tlog
C:\Kingdom Hearts MP\build\KingdomHeartsMP\KingdomHeartsMP\Release\CL.read.1.tlog
C:\Kingdom Hearts MP\build\KingdomHeartsMP\KingdomHeartsMP\Release\CL.read.2.tlog
C:\Kingdom Hearts MP\build\KingdomHeartsMP\KingdomHeartsMP\Release\CL.read.3.tlog
C:\Kingdom Hearts MP\build\KingdomHeartsMP\KingdomHeartsMP\Release\CL.read.4.tlog
C:\Kingdom Hearts MP\build\KingdomHeartsMP\KingdomHeartsMP\Release\CL.read.5.tlog
C:\Kingdom Hearts MP\build\KingdomHeartsMP\KingdomHeartsMP\Release\CL.read.6.tlog
C:\Kingdom Hearts MP\build\KingdomHeartsMP\KingdomHeartsMP\Release\CL.read.7.tlog
C:\Kingdom Hearts MP\build\KingdomHeartsMP\KingdomHeartsMP\Release\CL.read.8.tlog
C:\Kingdom Hearts MP\build\KingdomHeartsMP\KingdomHeartsMP\Release\cl.write.1.tlog
C:\KINGDOM HEARTS MP\BUILD\KINGDOMHEARTSMP\KINGDOMHEARTSMP\RELEASE\COLOR3F.OBJ
C:\KINGDOM HEARTS MP\BUILD\KINGDOMHEARTSMP\KINGDOMHEARTSMP\RELEASE\COMPONENT.OBJ
C:\KINGDOM HEARTS MP\BUILD\KINGDOMHEARTSMP\KINGDOMHEARTSMP\RELEASE\COMPRESSIONUTILS.OBJ
C:\KINGDOM HEARTS MP\BUILD\KINGDOMHEARTSMP\KINGDOMHEARTSMP\RELEASE\CONTENTMANAGER.OBJ
C:\KINGDOM HEARTS MP\BUILD\KINGDOMHEARTSMP\KINGDOMHEARTSMP\RELEASE\CONVEXHULL.OBJ
C:\KINGDOM HEARTS MP\BUILD\KINGDOMHEARTSMP\KINGDOMHEARTSMP\RELEASE\DECK.OBJ
C:\KINGDOM HEARTS MP\BUILD\KINGDOMHEARTSMP\KINGDOMHEARTSMP\RELEASE\ELEMENTEFFECTIVENESSCOMPONENT.OBJ
C:\Kingdom Hearts MP\build\KingdomHeartsMP\KingdomHeartsMP\Release\Elements.obj
C:\KINGDOM HEARTS MP\BUILD\KINGDOMHEARTSMP\KINGDOMHEARTSMP\RELEASE\ELEMENTTRANSFORMER.OBJ
C:\KINGDOM HEARTS MP\BUILD\KINGDOMHEARTSMP\KINGDOMHEARTSMP\RELEASE\ELEMENTTRANSFORMWRAP.OBJ
C:\KINGDOM HEARTS MP\BUILD\KINGDOMHEARTSMP\KINGDOMHEARTSMP\RELEASE\EMISSIVELIGHT.OBJ
C:\KINGDOM HEARTS MP\BUILD\KINGDOMHEARTSMP\KINGDOMHEARTSMP\RELEASE\ENGINE.OBJ
C:\KINGDOM HEARTS MP\BUILD\KINGDOMHEARTSMP\KINGDOMHEARTSMP\RELEASE\ENTITY.OBJ
C:\KINGDOM HEARTS MP\BUILD\KINGDOMHEARTSMP\KINGDOMHEARTSMP\RELEASE\EQUIPMENTCOMPONENT.OBJ
C:\KINGDOM HEARTS MP\BUILD\KINGDOMHEARTSMP\KINGDOMHEARTSMP\RELEASE\EQUIPMENTMANAGER.OBJ
C:\KINGDOM HEARTS MP\BUILD\KINGDOMHEARTSMP\KINGDOMHEARTSMP\RELEASE\EXAMPLE.OBJ
C:\KINGDOM HEARTS MP\BUILD\KINGDOMHEARTSMP\KINGDOMHEARTSMP\RELEASE\EXIT.OBJ
C:\KINGDOM HEARTS MP\BUILD\KINGDOMHEARTSMP\KINGDOMHEARTSMP\RELEASE\FONTCACHE.OBJ
C:\KINGDOM HEARTS MP\BUILD\KINGDOMHEARTSMP\KINGDOMHEARTSMP\RELEASE\FRAMEANIMATION.OBJ
C:\KINGDOM HEARTS MP\BUILD\KINGDOMHEARTSMP\KINGDOMHEARTSMP\RELEASE\GAMEINSTANCE.OBJ
C:\KINGDOM HEARTS MP\BUILD\KINGDOMHEARTSMP\KINGDOMHEARTSMP\RELEASE\GAMEMAP.OBJ
C:\KINGDOM HEARTS MP\BUILD\KINGDOMHEARTSMP\KINGDOMHEARTSMP\RELEASE\GAMEMAPVIEWSCREEN.OBJ
C:\KINGDOM HEARTS MP\BUILD\KINGDOMHEARTSMP\KINGDOMHEARTSMP\RELEASE\GAMETIMEMODULE.OBJ
C:\Kingdom Hearts MP\build\KingdomHeartsMP\KingdomHeartsMP\Release\Hand.obj
C:\KINGDOM HEARTS MP\BUILD\KINGDOMHEARTSMP\KINGDOMHEARTSMP\RELEASE\INPUTMODULE.OBJ
C:\KINGDOM HEARTS MP\BUILD\KINGDOMHEARTSMP\KINGDOMHEARTSMP\RELEASE\INVENTORY.OBJ
C:\KINGDOM HEARTS MP\BUILD\KINGDOMHEARTSMP\KINGDOMHEARTSMP\RELEASE\ITEM.OBJ
C:\KINGDOM HEARTS MP\BUILD\KINGDOMHEARTSMP\KINGDOMHEARTSMP\RELEASE\ITEMCOMPONENT.OBJ
C:\KINGDOM HEARTS MP\BUILD\KINGDOMHEARTSMP\KINGDOMHEARTSMP\RELEASE\ITEMDATABASE.OBJ
C:\KINGDOM HEARTS MP\BUILD\KINGDOMHEARTSMP\KINGDOMHEARTSMP\RELEASE\KINGDOMHEARTSMP.EXE.INTERMEDIATE.MANIFEST
C:\Kingdom Hearts MP\build\KingdomHeartsMP\KingdomHeartsMP\Release\KingdomHeartsMP.write.1.tlog
C:\KINGDOM HEARTS MP\BUILD\KINGDOMHEARTSMP\KINGDOMHEARTSMP\RELEASE\LAYER.OBJ
C:\KINGDOM HEARTS MP\BUILD\KINGDOMHEARTSMP\KINGDOMHEARTSMP\RELEASE\LAYERTRANSITION.OBJ
C:\KINGDOM HEARTS MP\BUILD\KINGDOMHEARTSMP\KINGDOMHEARTSMP\RELEASE\LEVELINGTABLE.OBJ
C:\KINGDOM HEARTS MP\BUILD\KINGDOMHEARTSMP\KINGDOMHEARTSMP\RELEASE\LIBROCKETRENDERINTERFACE.OBJ
C:\KINGDOM HEARTS MP\BUILD\KINGDOMHEARTSMP\KINGDOMHEARTSMP\RELEASE\LIGHT.OBJ
C:\KINGDOM HEARTS MP\BUILD\KINGDOMHEARTSMP\KINGDOMHEARTSMP\RELEASE\LIGHT_POINT.OBJ
C:\KINGDOM HEARTS MP\BUILD\KINGDOMHEARTSMP\KINGDOMHEARTSMP\RELEASE\LIGHTINGSYSTEM.OBJ
C:\KINGDOM HEARTS MP\BUILD\KINGDOMHEARTSMP\KINGDOMHEARTSMP\RELEASE\LIGHTSYSTEM.OBJ
C:\Kingdom Hearts MP\build\KingdomHeartsMP\KingdomHeartsMP\Release\link.command.1.tlog
C:\Kingdom Hearts MP\build\KingdomHeartsMP\KingdomHeartsMP\Release\link.read.1.tlog
C:\Kingdom Hearts MP\build\KingdomHeartsMP\KingdomHeartsMP\Release\link.write.1.tlog
C:\KINGDOM HEARTS MP\BUILD\KINGDOMHEARTSMP\KINGDOMHEARTSMP\RELEASE\MAIN.OBJ
C:\KINGDOM HEARTS MP\BUILD\KINGDOMHEARTSMP\KINGDOMHEARTSMP\RELEASE\MAIN2.OBJ
C:\KINGDOM HEARTS MP\BUILD\KINGDOMHEARTSMP\KINGDOMHEARTSMP\RELEASE\MAPCHARACTER.OBJ
C:\KINGDOM HEARTS MP\BUILD\KINGDOMHEARTSMP\KINGDOMHEARTSMP\RELEASE\MAPCHARACTERMOVEMENTHANDLER.OBJ
C:\KINGDOM HEARTS MP\BUILD\KINGDOMHEARTSMP\KINGDOMHEARTSMP\RELEASE\MAPCHEST.OBJ
C:\KINGDOM HEARTS MP\BUILD\KINGDOMHEARTSMP\KINGDOMHEARTSMP\RELEASE\MAPEVENT.OBJ
C:\KINGDOM HEARTS MP\BUILD\KINGDOMHEARTSMP\KINGDOMHEARTSMP\RELEASE\MAPNPC.OBJ
C:\KINGDOM HEARTS MP\BUILD\KINGDOMHEARTSMP\KINGDOMHEARTSMP\RELEASE\MAPOBECT.OBJ
C:\KINGDOM HEARTS MP\BUILD\KINGDOMHEARTSMP\KINGDOMHEARTSMP\RELEASE\MAPOBJECTVISUALIZER.OBJ
C:\KINGDOM HEARTS MP\BUILD\KINGDOMHEARTSMP\KINGDOMHEARTSMP\RELEASE\MAPVIEWLAYER.OBJ
C:\KINGDOM HEARTS MP\BUILD\KINGDOMHEARTSMP\KINGDOMHEARTSMP\RELEASE\MATHFORMULA.OBJ
C:\KINGDOM HEARTS MP\BUILD\KINGDOMHEARTSMP\KINGDOMHEARTSMP\RELEASE\MATHGRAMMAR.OBJ
C:\KINGDOM HEARTS MP\BUILD\KINGDOMHEARTSMP\KINGDOMHEARTSMP\RELEASE\MECHANICS.OBJ
C:\KINGDOM HEARTS MP\BUILD\KINGDOMHEARTSMP\KINGDOMHEARTSMP\RELEASE\MESSAGE.OBJ
C:\KINGDOM HEARTS MP\BUILD\KINGDOMHEARTSMP\KINGDOMHEARTSMP\RELEASE\MESSAGECENTER.OBJ
C:\Kingdom Hearts MP\build\KingdomHeartsMP\KingdomHeartsMP\Release\mt.command.1.tlog
C:\Kingdom Hearts MP\build\KingdomHeartsMP\KingdomHeartsMP\Release\mt.read.1.tlog
C:\Kingdom Hearts MP\build\KingdomHeartsMP\KingdomHeartsMP\Release\mt.write.1.tlog
C:\KINGDOM HEARTS MP\BUILD\KINGDOMHEARTSMP\KINGDOMHEARTSMP\RELEASE\OPENGLHELPERS.OBJ
C:\KINGDOM HEARTS MP\BUILD\KINGDOMHEARTSMP\KINGDOMHEARTSMP\RELEASE\PLAYERPARTY.OBJ
C:\KINGDOM HEARTS MP\BUILD\KINGDOMHEARTSMP\KINGDOMHEARTSMP\RELEASE\PLAYFIELD.OBJ
C:\Kingdom Hearts MP\build\KingdomHeartsMP\KingdomHeartsMP\Release\Point2i.obj
C:\Kingdom Hearts MP\build\KingdomHeartsMP\KingdomHeartsMP\Release\pugixml.obj
C:\KINGDOM HEARTS MP\BUILD\KINGDOMHEARTSMP\KINGDOMHEARTSMP\RELEASE\PYTHONSCRIPTER.OBJ
C:\KINGDOM HEARTS MP\BUILD\KINGDOMHEARTSMP\KINGDOMHEARTSMP\RELEASE\QUADTREE.OBJ
C:\Kingdom Hearts MP\build\KingdomHeartsMP\KingdomHeartsMP\Release\QuadTreeNode.obj
C:\Kingdom Hearts MP\build\KingdomHeartsMP\KingdomHeartsMP\Release\QuadTreeOccupant.obj
C:\KINGDOM HEARTS MP\BUILD\KINGDOMHEARTSMP\KINGDOMHEARTSMP\RELEASE\QUEUETURNGENERATOR.OBJ
C:\KINGDOM HEARTS MP\BUILD\KINGDOMHEARTSMP\KINGDOMHEARTSMP\RELEASE\RESOURCELOADIMPORT.OBJ
C:\Kingdom Hearts MP\build\KingdomHeartsMP\KingdomHeartsMP\Release\RocketModule.obj
C:\KINGDOM HEARTS MP\BUILD\KINGDOMHEARTSMP\KINGDOMHEARTSMP\RELEASE\ROCKETSYSTEMINTERFACE.OBJ
C:\KINGDOM HEARTS MP\BUILD\KINGDOMHEARTSMP\KINGDOMHEARTSMP\RELEASE\ROCKETUTILITIES.OBJ
C:\KINGDOM HEARTS MP\BUILD\KINGDOMHEARTSMP\KINGDOMHEARTSMP\RELEASE\SCALABLECLOCK.OBJ
C:\KINGDOM HEARTS MP\BUILD\KINGDOMHEARTSMP\KINGDOMHEARTSMP\RELEASE\SCREEN.OBJ
C:\KINGDOM HEARTS MP\BUILD\KINGDOMHEARTSMP\KINGDOMHEARTSMP\RELEASE\SCREENMANAGER.OBJ
C:\KINGDOM HEARTS MP\BUILD\KINGDOMHEARTSMP\KINGDOMHEARTSMP\RELEASE\SCREENSTACK.OBJ
C:\Kingdom Hearts MP\build\KingdomHeartsMP\KingdomHeartsMP\Release\SectionLoopMusic.obj
C:\KINGDOM HEARTS MP\BUILD\KINGDOMHEARTSMP\KINGDOMHEARTSMP\RELEASE\SHADOWFIN.OBJ
C:\KINGDOM HEARTS MP\BUILD\KINGDOMHEARTSMP\KINGDOMHEARTSMP\RELEASE\SHAPES.OBJ
C:\KINGDOM HEARTS MP\BUILD\KINGDOMHEARTSMP\KINGDOMHEARTSMP\RELEASE\SOUNDSYSTEM.OBJ
C:\KINGDOM HEARTS MP\BUILD\KINGDOMHEARTSMP\KINGDOMHEARTSMP\RELEASE\SPAWNPOOL.OBJ
C:\KINGDOM HEARTS MP\BUILD\KINGDOMHEARTSMP\KINGDOMHEARTSMP\RELEASE\SPRITE.OBJ
C:\KINGDOM HEARTS MP\BUILD\KINGDOMHEARTSMP\KINGDOMHEARTSMP\RELEASE\SPRITEIMPORTDATA.OBJ
C:\KINGDOM HEARTS MP\BUILD\KINGDOMHEARTSMP\KINGDOMHEARTSMP\RELEASE\SPRITEINTERFACE.OBJ
C:\Kingdom Hearts MP\build\KingdomHeartsMP\KingdomHeartsMP\Release\StaticQuadTree.obj
C:\KINGDOM HEARTS MP\BUILD\KINGDOMHEARTSMP\KINGDOMHEARTSMP\RELEASE\STATS.OBJ
C:\KINGDOM HEARTS MP\BUILD\KINGDOMHEARTSMP\KINGDOMHEARTSMP\RELEASE\STATSCOMPONENT.OBJ
C:\KINGDOM HEARTS MP\BUILD\KINGDOMHEARTSMP\KINGDOMHEARTSMP\RELEASE\STATSMANAGER.OBJ
C:\KINGDOM HEARTS MP\BUILD\KINGDOMHEARTSMP\KINGDOMHEARTSMP\RELEASE\STATUSEFFECT.OBJ
C:\KINGDOM HEARTS MP\BUILD\KINGDOMHEARTSMP\KINGDOMHEARTSMP\RELEASE\STATUSEFFECTIVENESSCOMPONENT.OBJ
C:\KINGDOM HEARTS MP\BUILD\KINGDOMHEARTSMP\KINGDOMHEARTSMP\RELEASE\STATUSEFFECTSMANAGER.OBJ
C:\KINGDOM HEARTS MP\BUILD\KINGDOMHEARTSMP\KINGDOMHEARTSMP\RELEASE\STATUSEFFECTWEIGHTCOMPONENT.OBJ
C:\KINGDOM HEARTS MP\BUILD\KINGDOMHEARTSMP\KINGDOMHEARTSMP\RELEASE\STOPWATCH.OBJ
C:\KINGDOM HEARTS MP\BUILD\KINGDOMHEARTSMP\KINGDOMHEARTSMP\RELEASE\STRINGCONVERSIONUTILITIES.OBJ
C:\KINGDOM HEARTS MP\BUILD\KINGDOMHEARTSMP\KINGDOMHEARTSMP\RELEASE\TEXTTRANSFORMS.OBJ
C:\KINGDOM HEARTS MP\BUILD\KINGDOMHEARTSMP\KINGDOMHEARTSMP\RELEASE\TEXTURECACHE.OBJ
C:\KINGDOM HEARTS MP\BUILD\KINGDOMHEARTSMP\KINGDOMHEARTSMP\RELEASE\TILEMAP.OBJ
C:\KINGDOM HEARTS MP\BUILD\KINGDOMHEARTSMP\KINGDOMHEARTSMP\RELEASE\TILESET.OBJ
C:\KINGDOM HEARTS MP\BUILD\KINGDOMHEARTSMP\KINGDOMHEARTSMP\RELEASE\TIMER.OBJ
C:\KINGDOM HEARTS MP\BUILD\KINGDOMHEARTSMP\KINGDOMHEARTSMP\RELEASE\TITLESCREEN.OBJ
C:\Kingdom Hearts MP\build\KingdomHeartsMP\KingdomHeartsMP\Release\TriadPlayer.obj
C:\KINGDOM HEARTS MP\BUILD\KINGDOMHEARTSMP\KINGDOMHEARTSMP\RELEASE\TURNGENERATOR.OBJ
C:\KINGDOM HEARTS MP\BUILD\KINGDOMHEARTSMP\KINGDOMHEARTSMP\RELEASE\USECOMPONENTWRAP.OBJ
C:\Kingdom Hearts MP\build\KingdomHeartsMP\KingdomHeartsMP\Release\Utils.obj
C:\KINGDOM HEARTS MP\BUILD\KINGDOMHEARTSMP\KINGDOMHEARTSMP\RELEASE\VC100.PDB
C:\Kingdom Hearts MP\build\KingdomHeartsMP\KingdomHeartsMP\Release\Vec2f.obj
C:\KINGDOM HEARTS MP\BUILD\KINGDOMHEARTSMP\KINGDOMHEARTSMP\RELEASE\VIEWMANIPULATOR.OBJ
C:\KINGDOM HEARTS MP\BUILD\KINGDOMHEARTSMP\RELEASE\KINGDOMHEARTSMP.EXE
C:\Kingdom Hearts MP\build\KingdomHeartsMP\Release\KingdomHeartsMP.exp
C:\Kingdom Hearts MP\build\KingdomHeartsMP\Release\KingdomHeartsMP.lib
G:\KINGDOM HEARTS MP\BUILD\KINGDOMHEARTSMP\KINGDOMHEARTSMP\RELEASE\AABB.OBJ
G:\KINGDOM HEARTS MP\BUILD\KINGDOMHEARTSMP\KINGDOMHEARTSMP\RELEASE\ABILITY.OBJ
G:\KINGDOM HEARTS MP\BUILD\KINGDOMHEARTSMP\KINGDOMHEARTSMP\RELEASE\ABILITYMANAGER.OBJ
G:\KINGDOM HEARTS MP\BUILD\KINGDOMHEARTSMP\KINGDOMHEARTSMP\RELEASE\ACTION.OBJ
G:\KINGDOM HEARTS MP\BUILD\KINGDOMHEARTSMP\KINGDOMHEARTSMP\RELEASE\ACTIONHISTORY.OBJ
G:\KINGDOM HEARTS MP\BUILD\KINGDOMHEARTSMP\KINGDOMHEARTSMP\RELEASE\ACTIONLIBRARY.OBJ
G:\KINGDOM HEARTS MP\BUILD\KINGDOMHEARTSMP\KINGDOMHEARTSMP\RELEASE\ANIMATEDLAYER.OBJ
G:\KINGDOM HEARTS MP\BUILD\KINGDOMHEARTSMP\KINGDOMHEARTSMP\RELEASE\ANIMATEDSPRITE.OBJ
G:\KINGDOM HEARTS MP\BUILD\KINGDOMHEARTSMP\KINGDOMHEARTSMP\RELEASE\ANIMATEDTILESET.OBJ
G:\KINGDOM HEARTS MP\BUILD\KINGDOMHEARTSMP\KINGDOMHEARTSMP\RELEASE\ANIMATORCOLLECTION.OBJ
G:\KINGDOM HEARTS MP\BUILD\KINGDOMHEARTSMP\KINGDOMHEARTSMP\RELEASE\APPCONFIGURATION.OBJ
G:\KINGDOM HEARTS MP\BUILD\KINGDOMHEARTSMP\KINGDOMHEARTSMP\RELEASE\ATBTURNGENERATOR.OBJ
G:\KINGDOM HEARTS MP\BUILD\KINGDOMHEARTSMP\KINGDOMHEARTSMP\RELEASE\ATTACK.OBJ
G:\KINGDOM HEARTS MP\BUILD\KINGDOMHEARTSMP\KINGDOMHEARTSMP\RELEASE\BASE64.OBJ
G:\KINGDOM HEARTS MP\BUILD\KINGDOMHEARTSMP\KINGDOMHEARTSMP\RELEASE\BASECHARACTER.OBJ
G:\KINGDOM HEARTS MP\BUILD\KINGDOMHEARTSMP\KINGDOMHEARTSMP\RELEASE\BASEFILEINTERFACE.OBJ
G:\KINGDOM HEARTS MP\BUILD\KINGDOMHEARTSMP\KINGDOMHEARTSMP\RELEASE\BASEMECHANICS.OBJ
G:\KINGDOM HEARTS MP\BUILD\KINGDOMHEARTSMP\KINGDOMHEARTSMP\RELEASE\BASICRMLSCREEN.OBJ
G:\KINGDOM HEARTS MP\BUILD\KINGDOMHEARTSMP\KINGDOMHEARTSMP\RELEASE\BATTLEFIELD.OBJ
G:\KINGDOM HEARTS MP\BUILD\KINGDOMHEARTSMP\KINGDOMHEARTSMP\RELEASE\BATTLERAI.OBJ
G:\KINGDOM HEARTS MP\BUILD\KINGDOMHEARTSMP\KINGDOMHEARTSMP\RELEASE\CAMERA.OBJ
G:\KINGDOM HEARTS MP\BUILD\KINGDOMHEARTSMP\KINGDOMHEARTSMP\RELEASE\CARD.OBJ
G:\KINGDOM HEARTS MP\BUILD\KINGDOMHEARTSMP\KINGDOMHEARTSMP\RELEASE\CHARACTEREQUIPMENTCOMPONENT.OBJ
G:\KINGDOM HEARTS MP\BUILD\KINGDOMHEARTSMP\KINGDOMHEARTSMP\RELEASE\COLOR3F.OBJ
G:\KINGDOM HEARTS MP\BUILD\KINGDOMHEARTSMP\KINGDOMHEARTSMP\RELEASE\COMPONENT.OBJ
G:\KINGDOM HEARTS MP\BUILD\KINGDOMHEARTSMP\KINGDOMHEARTSMP\RELEASE\COMPRESSIONUTILS.OBJ
G:\KINGDOM HEARTS MP\BUILD\KINGDOMHEARTSMP\KINGDOMHEARTSMP\RELEASE\CONTENTMANAGER.OBJ
G:\KINGDOM HEARTS MP\BUILD\KINGDOMHEARTSMP\KINGDOMHEARTSMP\RELEASE\CONVEXHULL.OBJ
G:\KINGDOM HEARTS MP\BUILD\KINGDOMHEARTSMP\KINGDOMHEARTSMP\RELEASE\DECK.OBJ
G:\KINGDOM HEARTS MP\BUILD\KINGDOMHEARTSMP\KINGDOMHEARTSMP\RELEASE\ELEMENTEFFECTIVENESSCOMPONENT.OBJ
G:\KINGDOM HEARTS MP\BUILD\KINGDOMHEARTSMP\KINGDOMHEARTSMP\RELEASE\ELEMENTS.OBJ
G:\KINGDOM HEARTS MP\BUILD\KINGDOMHEARTSMP\KINGDOMHEARTSMP\RELEASE\ELEMENTTRANSFORMER.OBJ
G:\KINGDOM HEARTS MP\BUILD\KINGDOMHEARTSMP\KINGDOMHEARTSMP\RELEASE\ELEMENTTRANSFORMWRAP.OBJ
G:\KINGDOM HEARTS MP\BUILD\KINGDOMHEARTSMP\KINGDOMHEARTSMP\RELEASE\EMISSIVELIGHT.OBJ
G:\KINGDOM HEARTS MP\BUILD\KINGDOMHEARTSMP\KINGDOMHEARTSMP\RELEASE\ENGINE.OBJ
G:\KINGDOM HEARTS MP\BUILD\KINGDOMHEARTSMP\KINGDOMHEARTSMP\RELEASE\ENTITY.OBJ
G:\KINGDOM HEARTS MP\BUILD\KINGDOMHEARTSMP\KINGDOMHEARTSMP\RELEASE\EQUIPMENTMANAGER.OBJ
G:\KINGDOM HEARTS MP\BUILD\KINGDOMHEARTSMP\KINGDOMHEARTSMP\RELEASE\EXIT.OBJ
G:\KINGDOM HEARTS MP\BUILD\KINGDOMHEARTSMP\KINGDOMHEARTSMP\RELEASE\FONTCACHE.OBJ
G:\KINGDOM HEARTS MP\BUILD\KINGDOMHEARTSMP\KINGDOMHEARTSMP\RELEASE\FRAMEANIMATION.OBJ
G:\KINGDOM HEARTS MP\BUILD\KINGDOMHEARTSMP\KINGDOMHEARTSMP\RELEASE\GAMEINSTANCE.OBJ
G:\KINGDOM HEARTS MP\BUILD\KINGDOMHEARTSMP\KINGDOMHEARTSMP\RELEASE\GAMEMAP.OBJ
G:\KINGDOM HEARTS MP\BUILD\KINGDOMHEARTSMP\KINGDOMHEARTSMP\RELEASE\GAMEMAPVIEWSCREEN.OBJ
G:\KINGDOM HEARTS MP\BUILD\KINGDOMHEARTSMP\KINGDOMHEARTSMP\RELEASE\GAMETIMEMODULE.OBJ
G:\KINGDOM HEARTS MP\BUILD\KINGDOMHEARTSMP\KINGDOMHEARTSMP\RELEASE\HAND.OBJ
G:\KINGDOM HEARTS MP\BUILD\KINGDOMHEARTSMP\KINGDOMHEARTSMP\RELEASE\INPUTMODULE.OBJ
G:\KINGDOM HEARTS MP\BUILD\KINGDOMHEARTSMP\KINGDOMHEARTSMP\RELEASE\INVENTORY.OBJ
G:\KINGDOM HEARTS MP\BUILD\KINGDOMHEARTSMP\KINGDOMHEARTSMP\RELEASE\ITEM.OBJ
G:\KINGDOM HEARTS MP\BUILD\KINGDOMHEARTSMP\KINGDOMHEARTSMP\RELEASE\ITEMCOMPONENT.OBJ
G:\KINGDOM HEARTS MP\BUILD\KINGDOMHEARTSMP\KINGDOMHEARTSMP\RELEASE\ITEMDATABASE.OBJ
G:\KINGDOM HEARTS MP\BUILD\KINGDOMHEARTSMP\KINGDOMHEARTSMP\RELEASE\KINGDOMHEARTSMP.EXE.INTERMEDIATE.MANIFEST
G:\KINGDOM HEARTS MP\BUILD\KINGDOMHEARTSMP\KINGDOMHEARTSMP\RELEASE\LAYER.OBJ
G:\KINGDOM HEARTS MP\BUILD\KINGDOMHEARTSMP\KINGDOMHEARTSMP\RELEASE\LEVELINGTABLE.OBJ
G:\KINGDOM HEARTS MP\BUILD\KINGDOMHEARTSMP\KINGDOMHEARTSMP\RELEASE\LIBROCKETRENDERINTERFACE.OBJ
G:\KINGDOM HEARTS MP\BUILD\KINGDOMHEARTSMP\KINGDOMHEARTSMP\RELEASE\LIGHT.OBJ
G:\KINGDOM HEARTS MP\BUILD\KINGDOMHEARTSMP\KINGDOMHEARTSMP\RELEASE\LIGHT_POINT.OBJ
G:\KINGDOM HEARTS MP\BUILD\KINGDOMHEARTSMP\KINGDOMHEARTSMP\RELEASE\LIGHTINGSYSTEM.OBJ
G:\KINGDOM HEARTS MP\BUILD\KINGDOMHEARTSMP\KINGDOMHEARTSMP\RELEASE\LIGHTSYSTEM.OBJ
G:\KINGDOM HEARTS MP\BUILD\KINGDOMHEARTSMP\KINGDOMHEARTSMP\RELEASE\MAIN.OBJ
G:\KINGDOM HEARTS MP\BUILD\KINGDOMHEARTSMP\KINGDOMHEARTSMP\RELEASE\MAPCHARACTER.OBJ
G:\KINGDOM HEARTS MP\BUILD\KINGDOMHEARTSMP\KINGDOMHEARTSMP\RELEASE\MAPCHARACTERMOVEMENTHANDLER.OBJ
G:\KINGDOM HEARTS MP\BUILD\KINGDOMHEARTSMP\KINGDOMHEARTSMP\RELEASE\MAPCHEST.OBJ
G:\KINGDOM HEARTS MP\BUILD\KINGDOMHEARTSMP\KINGDOMHEARTSMP\RELEASE\MAPEVENT.OBJ
G:\KINGDOM HEARTS MP\BUILD\KINGDOMHEARTSMP\KINGDOMHEARTSMP\RELEASE\MAPNPC.OBJ
G:\KINGDOM HEARTS MP\BUILD\KINGDOMHEARTSMP\KINGDOMHEARTSMP\RELEASE\MAPOBECT.OBJ
G:\KINGDOM HEARTS MP\BUILD\KINGDOMHEARTSMP\KINGDOMHEARTSMP\RELEASE\MAPOBJECTVISUALIZER.OBJ
G:\KINGDOM HEARTS MP\BUILD\KINGDOMHEARTSMP\KINGDOMHEARTSMP\RELEASE\MAPVIEWLAYER.OBJ
G:\KINGDOM HEARTS MP\BUILD\KINGDOMHEARTSMP\KINGDOMHEARTSMP\RELEASE\MECHANICS.OBJ
G:\KINGDOM HEARTS MP\BUILD\KINGDOMHEARTSMP\KINGDOMHEARTSMP\RELEASE\MESSAGE.OBJ
G:\KINGDOM HEARTS MP\BUILD\KINGDOMHEARTSMP\KINGDOMHEARTSMP\RELEASE\MESSAGECENTER.OBJ
G:\KINGDOM HEARTS MP\BUILD\KINGDOMHEARTSMP\KINGDOMHEARTSMP\RELEASE\OPENGLHELPERS.OBJ
G:\KINGDOM HEARTS MP\BUILD\KINGDOMHEARTSMP\KINGDOMHEARTSMP\RELEASE\PLAYERPARTY.OBJ
G:\KINGDOM HEARTS MP\BUILD\KINGDOMHEARTSMP\KINGDOMHEARTSMP\RELEASE\PLAYFIELD.OBJ
G:\KINGDOM HEARTS MP\BUILD\KINGDOMHEARTSMP\KINGDOMHEARTSMP\RELEASE\POINT2I.OBJ
G:\KINGDOM HEARTS MP\BUILD\KINGDOMHEARTSMP\KINGDOMHEARTSMP\RELEASE\PUGIXML.OBJ
G:\KINGDOM HEARTS MP\BUILD\KINGDOMHEARTSMP\KINGDOMHEARTSMP\RELEASE\PYTHONSCRIPTER.OBJ
G:\KINGDOM HEARTS MP\BUILD\KINGDOMHEARTSMP\KINGDOMHEARTSMP\RELEASE\QUADTREE.OBJ
G:\KINGDOM HEARTS MP\BUILD\KINGDOMHEARTSMP\KINGDOMHEARTSMP\RELEASE\QUADTREENODE.OBJ
G:\KINGDOM HEARTS MP\BUILD\KINGDOMHEARTSMP\KINGDOMHEARTSMP\RELEASE\QUADTREEOCCUPANT.OBJ
G:\KINGDOM HEARTS MP\BUILD\KINGDOMHEARTSMP\KINGDOMHEARTSMP\RELEASE\QUEUETURNGENERATOR.OBJ
G:\KINGDOM HEARTS MP\BUILD\KINGDOMHEARTSMP\KINGDOMHEARTSMP\RELEASE\RESOURCELOADIMPORT.OBJ
G:\KINGDOM HEARTS MP\BUILD\KINGDOMHEARTSMP\KINGDOMHEARTSMP\RELEASE\ROCKETMODULE.OBJ
G:\KINGDOM HEARTS MP\BUILD\KINGDOMHEARTSMP\KINGDOMHEARTSMP\RELEASE\ROCKETSYSTEMINTERFACE.OBJ
G:\KINGDOM HEARTS MP\BUILD\KINGDOMHEARTSMP\KINGDOMHEARTSMP\RELEASE\ROCKETUTILITIES.OBJ
G:\KINGDOM HEARTS MP\BUILD\KINGDOMHEARTSMP\KINGDOMHEARTSMP\RELEASE\SCALABLECLOCK.OBJ
G:\KINGDOM HEARTS MP\BUILD\KINGDOMHEARTSMP\KINGDOMHEARTSMP\RELEASE\SCREEN.OBJ
G:\KINGDOM HEARTS MP\BUILD\KINGDOMHEARTSMP\KINGDOMHEARTSMP\RELEASE\SCREENMANAGER.OBJ
G:\KINGDOM HEARTS MP\BUILD\KINGDOMHEARTSMP\KINGDOMHEARTSMP\RELEASE\SCREENSTACK.OBJ
G:\KINGDOM HEARTS MP\BUILD\KINGDOMHEARTSMP\KINGDOMHEARTSMP\RELEASE\SECTIONLOOPMUSIC.OBJ
G:\KINGDOM HEARTS MP\BUILD\KINGDOMHEARTSMP\KINGDOMHEARTSMP\RELEASE\SHADOWFIN.OBJ
G:\KINGDOM HEARTS MP\BUILD\KINGDOMHEARTSMP\KINGDOMHEARTSMP\RELEASE\SOUNDSYSTEM.OBJ
G:\KINGDOM HEARTS MP\BUILD\KINGDOMHEARTSMP\KINGDOMHEARTSMP\RELEASE\SPAWNPOOL.OBJ
G:\KINGDOM HEARTS MP\BUILD\KINGDOMHEARTSMP\KINGDOMHEARTSMP\RELEASE\SPRITE.OBJ
G:\KINGDOM HEARTS MP\BUILD\KINGDOMHEARTSMP\KINGDOMHEARTSMP\RELEASE\SPRITEIMPORTDATA.OBJ
G:\KINGDOM HEARTS MP\BUILD\KINGDOMHEARTSMP\KINGDOMHEARTSMP\RELEASE\STATICQUADTREE.OBJ
G:\KINGDOM HEARTS MP\BUILD\KINGDOMHEARTSMP\KINGDOMHEARTSMP\RELEASE\STATS.OBJ
G:\KINGDOM HEARTS MP\BUILD\KINGDOMHEARTSMP\KINGDOMHEARTSMP\RELEASE\STATSCOMPONENT.OBJ
G:\KINGDOM HEARTS MP\BUILD\KINGDOMHEARTSMP\KINGDOMHEARTSMP\RELEASE\STATSMANAGER.OBJ
G:\KINGDOM HEARTS MP\BUILD\KINGDOMHEARTSMP\KINGDOMHEARTSMP\RELEASE\STATUSEFFECT.OBJ
G:\KINGDOM HEARTS MP\BUILD\KINGDOMHEARTSMP\KINGDOMHEARTSMP\RELEASE\STATUSEFFECTIVENESSCOMPONENT.OBJ
G:\KINGDOM HEARTS MP\BUILD\KINGDOMHEARTSMP\KINGDOMHEARTSMP\RELEASE\STATUSEFFECTSMANAGER.OBJ
G:\KINGDOM HEARTS MP\BUILD\KINGDOMHEARTSMP\KINGDOMHEARTSMP\RELEASE\STATUSEFFECTWEIGHTCOMPONENT.OBJ
G:\KINGDOM HEARTS MP\BUILD\KINGDOMHEARTSMP\KINGDOMHEARTSMP\RELEASE\STOPWATCH.OBJ
G:\KINGDOM HEARTS MP\BUILD\KINGDOMHEARTSMP\KINGDOMHEARTSMP\RELEASE\STRINGCONVERSIONUTILITIES.OBJ
G:\KINGDOM HEARTS MP\BUILD\KINGDOMHEARTSMP\KINGDOMHEARTSMP\RELEASE\TEXTURECACHE.OBJ
G:\KINGDOM HEARTS MP\BUILD\KINGDOMHEARTSMP\KINGDOMHEARTSMP\RELEASE\TILEMAP.OBJ
G:\KINGDOM HEARTS MP\BUILD\KINGDOMHEARTSMP\KINGDOMHEARTSMP\RELEASE\TILESET.OBJ
G:\KINGDOM HEARTS MP\BUILD\KINGDOMHEARTSMP\KINGDOMHEARTSMP\RELEASE\TIMER.OBJ
G:\KINGDOM HEARTS MP\BUILD\KINGDOMHEARTSMP\KINGDOMHEARTSMP\RELEASE\TITLESCREEN.OBJ
G:\KINGDOM HEARTS MP\BUILD\KINGDOMHEARTSMP\KINGDOMHEARTSMP\RELEASE\TRIADPLAYER.OBJ
G:\KINGDOM HEARTS MP\BUILD\KINGDOMHEARTSMP\KINGDOMHEARTSMP\RELEASE\TURNGENERATOR.OBJ
G:\KINGDOM HEARTS MP\BUILD\KINGDOMHEARTSMP\KINGDOMHEARTSMP\RELEASE\USECOMPONENTWRAP.OBJ
G:\KINGDOM HEARTS MP\BUILD\KINGDOMHEARTSMP\KINGDOMHEARTSMP\RELEASE\UTILS.OBJ
G:\KINGDOM HEARTS MP\BUILD\KINGDOMHEARTSMP\KINGDOMHEARTSMP\RELEASE\VC100.PDB
G:\KINGDOM HEARTS MP\BUILD\KINGDOMHEARTSMP\KINGDOMHEARTSMP\RELEASE\VEC2F.OBJ
G:\KINGDOM HEARTS MP\BUILD\KINGDOMHEARTSMP\KINGDOMHEARTSMP\RELEASE\VIEWMANIPULATOR.OBJ
G:\KINGDOM HEARTS MP\BUILD\KINGDOMHEARTSMP\RELEASE\KINGDOMHEARTSMP.EXE
G:\Kingdom Hearts MP\build\KingdomHeartsMP\Release\KingdomHeartsMP.exp
G:\Kingdom Hearts MP\build\KingdomHeartsMP\Release\KingdomHeartsMP.lib
